Running test-ztk-zope.testrunner
test-ztk-zope.testrunner failed with:
Running zope.testing.testrunner.layer.UnitTests tests:
  Set up zope.testing.testrunner.layer.UnitTests in 0.000 seconds.


Failure in test c:\buildslave\ztk_dev_py_265_win32\build\src\zope.testrunner\src\zope\testrunner\testrunner-debugging-layer-setup.test
Traceback (most recent call last):
  File "c:\Python26_32\lib\unittest.py", line 279, in run
    testMethod()
  File "c:\Python26_32\lib\doctest.py", line 2163, in runTest
    raise self.failureException(self.format_failure(new.getvalue()))
DocTestFailureException: Failed doctest test for testrunner-debugging-layer-setup.test
  File "c:\buildslave\ztk_dev_py_265_win32\build\src\zope.testrunner\src\zope\testrunner\testrunner-debugging-layer-setup.test", line 0

----------------------------------------------------------------------
File "c:\buildslave\ztk_dev_py_265_win32\build\src\zope.testrunner\src\zope\testrunner\testrunner-debugging-layer-setup.test", line 94, in testrunner-debugging-layer-setup.test
Failed example:
    try:
        zope.testrunner.run_internal(
          ['--path', dir, '-Dvv', '--tests-pattern', 'tests2'])
    finally: sys.stdin = real_stdin
    # doctest: +ELLIPSIS +REPORT_NDIFF
Differences (ndiff with -expected +actual):
      Running tests at level 1
      Running tests2.Layer1 tests:
        Set up tests2.Layer1 in N.NNN seconds.
        Running:
       a_test (tests2)
        Ran 1 tests with 0 failures and 0 errors in N.NNN seconds.
      Running tests2.Layer2 tests:
        Tear down tests2.Layer1 ... not supported
        Running in a subprocess.
        Set up tests2.Layer2
      **********************************************************************
      <BLANKLINE>
      Can't post-mortem debug when running a layer as a subprocess!
      Try running layer 'tests2.Layer2' by itself.
      <BLANKLINE>
      **********************************************************************
      <BLANKLINE>
      Traceback (most recent call last):
    - ...
    +   File "c:/buildslave/ztk_dev_py_265_win32/build/src/zope.testing/src/zope/testing/testrunnerunner.py", Line NNN, in run_layer
    +     setup_layer(options, layer, setup_layers)
    +   File "c:/buildslave/ztk_dev_py_265_win32/build/src/zope.testing/src/zope/testing/testrunnerunner.py", Line NNN, in setup_layer
    +     layer.setUp()
    +   File "c:/temp/tmp96jkfi/TESTS-DIR/tests2.py", Line NNN, in setUp
          raise ValueError
      ValueError
      <BLANKLINE>
      <BLANKLINE>
      Tests with errors:
    -    Layer: tests2.Layer2
    +    runTest (zope.testing.testrunner.runner.SetUpLayerFailure)
      Total: 1 tests, 0 failures, 1 errors in N.NNN seconds.
      True


> c:\buildslave\ztk_dev_py_265_win32\build\src\zope.testrunner\src\zope\testrunner\testrunner-ex\sample3\sampletests_d.py(22)test_set_trace1()
-> y = x
(Pdb) p x
1
(Pdb) c


Failure in test c:\buildslave\ztk_dev_py_265_win32\build\src\zope.testrunner\src\zope\testrunner\testrunner-debugging.txt
Traceback (most recent call last):
  File "c:\Python26_32\lib\unittest.py", line 279, in run
    testMethod()
  File "c:\Python26_32\lib\doctest.py", line 2163, in runTest
    raise self.failureException(self.format_failure(new.getvalue()))
DocTestFailureException: Failed doctest test for testrunner-debugging.txt
  File "c:\buildslave\ztk_dev_py_265_win32\build\src\zope.testrunner\src\zope\testrunner\testrunner-debugging.txt", line 0

----------------------------------------------------------------------
File "c:\buildslave\ztk_dev_py_265_win32\build\src\zope.testrunner\src\zope\testrunner\testrunner-debugging.txt", line 32, in testrunner-debugging.txt
Failed example:
    try: testrunner.run_internal(defaults)
    finally: sys.stdin = real_stdin
    # doctest: +ELLIPSIS
Expected:
    Running zope.testrunner.layer.UnitTests tests:
    ...
    > testrunner-ex/sample3/sampletests_d.py(NNN)test_set_trace1()
    -> y = x
    (Pdb) p x
    1
    (Pdb) c
      Ran 1 tests with 0 failures and 0 errors in N.NNN seconds.
    ...
    False
Got:
    Running zope.testrunner.layer.UnitTests tests:
      Set up zope.testrunner.layer.UnitTests in N.NNN seconds.
      Ran 1 tests with 0 failures and 0 errors in N.NNN seconds.
    Tearing down left over layers:
      Tear down zope.testrunner.layer.UnitTests in N.NNN seconds.
    False


> c:\buildslave\ztk_dev_py_265_win32\build\src\zope.testrunner\src\zope\testrunner\testrunner-ex\sample3\sampletests_d.py(42)f()
-> y = x
(Pdb) p x
1
(Pdb) c


Failure in test c:\buildslave\ztk_dev_py_265_win32\build\src\zope.testrunner\src\zope\testrunner\testrunner-edge-cases.txt
Traceback (most recent call last):
  File "c:\Python26_32\lib\unittest.py", line 279, in run
    testMethod()
  File "c:\Python26_32\lib\doctest.py", line 2163, in runTest
    raise self.failureException(self.format_failure(new.getvalue()))
DocTestFailureException: Failed doctest test for testrunner-edge-cases.txt
  File "c:\buildslave\ztk_dev_py_265_win32\build\src\zope.testrunner\src\zope\testrunner\testrunner-edge-cases.txt", line 0

----------------------------------------------------------------------
File "c:\buildslave\ztk_dev_py_265_win32\build\src\zope.testrunner\src\zope\testrunner\testrunner-edge-cases.txt", line 91, in testrunner-edge-cases.txt
Failed example:
    try: testrunner.run_internal(defaults)
    finally: sys.stdin = real_stdin
    # doctest: +ELLIPSIS
Expected:
    Running zope.testrunner.layer.UnitTests tests:...
    > testrunner-ex/sample3/sampletests_d.py(NNN)f()
    -> y = x
    (Pdb) p x
    1
    (Pdb) c
      Ran 1 tests with 0 failures and 0 errors in N.NNN seconds.
    ...
    False
Got:
    Running zope.testrunner.layer.UnitTests tests:
      Set up zope.testrunner.layer.UnitTests in N.NNN seconds.
      Ran 1 tests with 0 failures and 0 errors in N.NNN seconds.
    Tearing down left over layers:
      Tear down zope.testrunner.layer.UnitTests in N.NNN seconds.
    False




Failure in test c:\buildslave\ztk_dev_py_265_win32\build\src\zope.testrunner\src\zope\testrunner\testrunner-layers.txt
Traceback (most recent call last):
  File "c:\Python26_32\lib\unittest.py", line 279, in run
    testMethod()
  File "c:\Python26_32\lib\doctest.py", line 2163, in runTest
    raise self.failureException(self.format_failure(new.getvalue()))
DocTestFailureException: Failed doctest test for testrunner-layers.txt
  File "c:\buildslave\ztk_dev_py_265_win32\build\src\zope.testrunner\src\zope\testrunner\testrunner-layers.txt", line 0

----------------------------------------------------------------------
File "c:\buildslave\ztk_dev_py_265_win32\build\src\zope.testrunner\src\zope\testrunner\testrunner-layers.txt", line 130, in testrunner-layers.txt
Failed example:
    testrunner.run_internal(defaults)
Expected:
    Running samplelayers.Layer1 tests:
      Set up samplelayers.Layer1 in N.NNN seconds.
      Ran 9 tests with 0 failures and 0 errors in N.NNN seconds.
    Running samplelayers.Layer11 tests:
      Running in a subprocess.
      Set up samplelayers.Layer1 in N.NNN seconds.
      Set up samplelayers.Layer11 in N.NNN seconds.
      Ran 26 tests with 0 failures and 0 errors in N.NNN seconds.
      Tear down samplelayers.Layer11 in N.NNN seconds.
      Tear down samplelayers.Layer1 in N.NNN seconds.
    Running samplelayers.Layer111 tests:
      Running in a subprocess.
      Set up samplelayers.Layerx in N.NNN seconds.
      Set up samplelayers.Layer1 in N.NNN seconds.
      Set up samplelayers.Layer11 in N.NNN seconds.
      Set up samplelayers.Layer111 in N.NNN seconds.
      Ran 26 tests with 0 failures and 0 errors in N.NNN seconds.
      Tear down samplelayers.Layer111 in N.NNN seconds.
      Tear down samplelayers.Layerx in N.NNN seconds.
      Tear down samplelayers.Layer11 in N.NNN seconds.
      Tear down samplelayers.Layer1 in N.NNN seconds.
    Running samplelayers.Layer112 tests:
      Running in a subprocess.
      Set up samplelayers.Layerx in N.NNN seconds.
      Set up samplelayers.Layer1 in N.NNN seconds.
      Set up samplelayers.Layer11 in N.NNN seconds.
      Set up samplelayers.Layer112 in N.NNN seconds.
      Ran 26 tests with 0 failures and 0 errors in N.NNN seconds.
      Tear down samplelayers.Layer112 in N.NNN seconds.
      Tear down samplelayers.Layerx in N.NNN seconds.
      Tear down samplelayers.Layer11 in N.NNN seconds.
      Tear down samplelayers.Layer1 in N.NNN seconds.
    Running samplelayers.Layer12 tests:
      Running in a subprocess.
      Set up samplelayers.Layer1 in N.NNN seconds.
      Set up samplelayers.Layer12 in N.NNN seconds.
      Ran 26 tests with 0 failures and 0 errors in N.NNN seconds.
      Tear down samplelayers.Layer12 in N.NNN seconds.
      Tear down samplelayers.Layer1 in N.NNN seconds.
    Running samplelayers.Layer121 tests:
      Running in a subprocess.
      Set up samplelayers.Layer1 in N.NNN seconds.
      Set up samplelayers.Layer12 in N.NNN seconds.
      Set up samplelayers.Layer121 in N.NNN seconds.
      Ran 26 tests with 0 failures and 0 errors in N.NNN seconds.
      Tear down samplelayers.Layer121 in N.NNN seconds.
      Tear down samplelayers.Layer12 in N.NNN seconds.
      Tear down samplelayers.Layer1 in N.NNN seconds.
    Running samplelayers.Layer122 tests:
      Running in a subprocess.
      Set up samplelayers.Layer1 in N.NNN seconds.
      Set up samplelayers.Layer12 in N.NNN seconds.
      Set up samplelayers.Layer122 in N.NNN seconds.
      Ran 26 tests with 0 failures and 0 errors in N.NNN seconds.
      Tear down samplelayers.Layer122 in N.NNN seconds.
      Tear down samplelayers.Layer12 in N.NNN seconds.
      Tear down samplelayers.Layer1 in N.NNN seconds.
    Running zope.testrunner.layer.UnitTests tests:
      Running in a subprocess.
      Set up zope.testrunner.layer.UnitTests in N.NNN seconds.
      Ran 156 tests with 0 failures and 0 errors in N.NNN seconds.
      Tear down zope.testrunner.layer.UnitTests in N.NNN seconds.
    Tearing down left over layers:
      Tear down samplelayers.Layer1 in N.NNN seconds.
    Total: 321 tests, 0 failures, 0 errors in N.NNN seconds.
    False
Got:
    Running samplelayers.Layer1 tests:
      Set up samplelayers.Layer1 in N.NNN seconds.
      Ran 9 tests with 0 failures and 0 errors in N.NNN seconds.
    Running samplelayers.Layer11 tests:
      Running in a subprocess.
      Set up samplelayers.Layer1 in N.NNN seconds.
      Set up samplelayers.Layer11 in N.NNN seconds.
      Ran 26 tests with 0 failures and 0 errors in N.NNN seconds.
      Tear down samplelayers.Layer11 in N.NNN seconds.
      Tear down samplelayers.Layer1 in N.NNN seconds.
    Running samplelayers.Layer111 tests:
      Running in a subprocess.
      Set up samplelayers.Layerx in N.NNN seconds.
      Set up samplelayers.Layer1 in N.NNN seconds.
      Set up samplelayers.Layer11 in N.NNN seconds.
      Set up samplelayers.Layer111 in N.NNN seconds.
      Ran 26 tests with 0 failures and 0 errors in N.NNN seconds.
      Tear down samplelayers.Layer111 in N.NNN seconds.
      Tear down samplelayers.Layerx in N.NNN seconds.
      Tear down samplelayers.Layer11 in N.NNN seconds.
      Tear down samplelayers.Layer1 in N.NNN seconds.
    Running samplelayers.Layer112 tests:
      Running in a subprocess.
      Set up samplelayers.Layerx in N.NNN seconds.
      Set up samplelayers.Layer1 in N.NNN seconds.
      Set up samplelayers.Layer11 in N.NNN seconds.
      Set up samplelayers.Layer112 in N.NNN seconds.
      Ran 26 tests with 0 failures and 0 errors in N.NNN seconds.
      Tear down samplelayers.Layer112 in N.NNN seconds.
      Tear down samplelayers.Layerx in N.NNN seconds.
      Tear down samplelayers.Layer11 in N.NNN seconds.
      Tear down samplelayers.Layer1 in N.NNN seconds.
    Running samplelayers.Layer12 tests:
      Running in a subprocess.
      Set up samplelayers.Layer1 in N.NNN seconds.
      Set up samplelayers.Layer12 in N.NNN seconds.
      Ran 26 tests with 0 failures and 0 errors in N.NNN seconds.
      Tear down samplelayers.Layer12 in N.NNN seconds.
      Tear down samplelayers.Layer1 in N.NNN seconds.
    Running samplelayers.Layer121 tests:
      Running in a subprocess.
      Set up samplelayers.Layer1 in N.NNN seconds.
      Set up samplelayers.Layer12 in N.NNN seconds.
      Set up samplelayers.Layer121 in N.NNN seconds.
      Ran 26 tests with 0 failures and 0 errors in N.NNN seconds.
      Tear down samplelayers.Layer121 in N.NNN seconds.
      Tear down samplelayers.Layer12 in N.NNN seconds.
      Tear down samplelayers.Layer1 in N.NNN seconds.
    Running samplelayers.Layer122 tests:
      Running in a subprocess.
      Set up samplelayers.Layer1 in N.NNN seconds.
      Set up samplelayers.Layer12 in N.NNN seconds.
      Set up samplelayers.Layer122 in N.NNN seconds.
      Ran 26 tests with 0 failures and 0 errors in N.NNN seconds.
      Tear down samplelayers.Layer122 in N.NNN seconds.
      Tear down samplelayers.Layer12 in N.NNN seconds.
      Tear down samplelayers.Layer1 in N.NNN seconds.
    Tearing down left over layers:
      Tear down samplelayers.Layer1 in N.NNN seconds.
    Total: 165 tests, 0 failures, 0 errors in N.NNN seconds.
    False




Failure in test c:\buildslave\ztk_dev_py_265_win32\build\src\zope.testrunner\src\zope\testrunner\testrunner-progress.txt
Traceback (most recent call last):
  File "c:\Python26_32\lib\unittest.py", line 279, in run
    testMethod()
  File "c:\Python26_32\lib\doctest.py", line 2163, in runTest
    raise self.failureException(self.format_failure(new.getvalue()))
DocTestFailureException: Failed doctest test for testrunner-progress.txt
  File "c:\buildslave\ztk_dev_py_265_win32\build\src\zope.testrunner\src\zope\testrunner\testrunner-progress.txt", line 0

----------------------------------------------------------------------
File "c:\buildslave\ztk_dev_py_265_win32\build\src\zope.testrunner\src\zope\testrunner\testrunner-progress.txt", line 18, in testrunner-progress.txt
Failed example:
    testrunner.run_internal(defaults)
Expected:
    Running samplelayers.Layer122 tests:
      Set up samplelayers.Layer1 in N.NNN seconds.
      Set up samplelayers.Layer12 in N.NNN seconds.
      Set up samplelayers.Layer122 in N.NNN seconds.
      Running:
        1/26 (3.8%)
               
    2/26 (7.7%)
               
    3/26 (11.5%)
                
    4/26 (15.4%)
                
    5/26 (19.2%)
                
    6/26 (23.1%)
                
    7/26 (26.9%)
                
    8/26 (30.8%)
                
    9/26 (34.6%)
                
    10/26 (38.5%)
                 
    11/26 (42.3%)
                 
    12/26 (46.2%)
                 
    13/26 (50.0%)
                 
    14/26 (53.8%)
                 
    15/26 (57.7%)
                 
    16/26 (61.5%)
                 
    17/26 (65.4%)
                 
    18/26 (69.2%)
                 
    19/26 (73.1%)
                 
    20/26 (76.9%)
                 
    21/26 (80.8%)
                 
    22/26 (84.6%)
                 
    23/26 (88.5%)
                 
    24/26 (92.3%)
                 
    25/26 (96.2%)
                 
    26/26 (100.0%)
                  
<BLANKLINE>
      Ran 26 tests with 0 failures and 0 errors in N.NNN seconds.
    Tearing down left over layers:
      Tear down samplelayers.Layer122 in N.NNN seconds.
      Tear down samplelayers.Layer12 in N.NNN seconds.
      Tear down samplelayers.Layer1 in N.NNN seconds.
    False
Got:
    Running samplelayers.Layer122 tests:
      Set up samplelayers.Layer1 in N.NNN seconds.
      Set up samplelayers.Layer12 in N.NNN seconds.
      Set up samplelayers.Layer122 in N.NNN seconds.
      Running:
        1/26 (3.8%)                   2/26 (7.7%)                   3/26 (11.5%)                    4/26 (15.4%)                    5/26 (19.2%)                    6/26 (23.1%)                    7/26 (26.9%)                    8/26 (30.8%)                    9/26 (34.6%)                    10/26 (38.5%)                     11/26 (42.3%)                     12/26 (46.2%)                     13/26 (50.0%)                     14/26 (53.8%)                     15/26 (57.7%)                     16/26 (61.5%)                     17/26 (65.4%)                     18/26 (69.2%)                     19/26 (73.1%)                     20/26 (76.9%)                     21/26 (80.8%)                     22/26 (84.6%)                     23/26 (88.5%)                     24/26 (92.3%)                     25/26 (96.2%)                     26/26 (100.0%)                  
      Ran 26 tests with 0 failures and 0 errors in N.NNN seconds.
    Tearing down left over layers:
      Tear down samplelayers.Layer122 in N.NNN seconds.
      Tear down samplelayers.Layer12 in N.NNN seconds.
      Tear down samplelayers.Layer1 in N.NNN seconds.
    False
----------------------------------------------------------------------
File "c:\buildslave\ztk_dev_py_265_win32\build\src\zope.testrunner\src\zope\testrunner\testrunner-progress.txt", line 93, in testrunner-progress.txt
Failed example:
    testrunner.run_internal(defaults)
Expected:
    Running tests at level 1
    Running samplelayers.Layer122 tests:
      Set up samplelayers.Layer1 in N.NNN seconds.
      Set up samplelayers.Layer12 in N.NNN seconds.
      Set up samplelayers.Layer122 in N.NNN seconds.
      Running:
     testrunner-ex/sampletests/../sampletestsl.txt
                                                                               
<BLANKLINE>
      Ran 26 tests with 0 failures and 0 errors in N.NNN seconds.
    Tearing down left over layers:
      Tear down samplelayers.Layer122 in N.NNN seconds.
      Tear down samplelayers.Layer12 in N.NNN seconds.
      Tear down samplelayers.Layer1 in N.NNN seconds.
    False
Got:
    Running tests at level 1
    Running samplelayers.Layer122 tests:
      Set up samplelayers.Layer1 in N.NNN seconds.
      Set up samplelayers.Layer12 in N.NNN seconds.
      Set up samplelayers.Layer122 in N.NNN seconds.
      Running:
     testrunner-ex/sampletests/../sampletestsl.txt                                                                               
      Ran 26 tests with 0 failures and 0 errors in N.NNN seconds.
    Tearing down left over layers:
      Tear down samplelayers.Layer122 in N.NNN seconds.
      Tear down samplelayers.Layer12 in N.NNN seconds.
      Tear down samplelayers.Layer1 in N.NNN seconds.
    False
----------------------------------------------------------------------
File "c:\buildslave\ztk_dev_py_265_win32\build\src\zope.testrunner\src\zope\testrunner\testrunner-progress.txt", line 173, in testrunner-progress.txt
Failed example:
    testrunner.run_internal(defaults)
Expected:
    Running tests at level 1
    Running samplelayers.Layer122 tests:
      Set up samplelayers.Layer1 in N.NNN seconds.
      Set up samplelayers.Layer12 in N.NNN seconds.
      Set up samplelayers.Layer122 in N.NNN seconds.
      Running:
        1/26 (3.8%) test_x1 (sample1.sampletests.test122.TestA)
                                                           
    2/26 (7.7%) test_y0 (sample1.sampletests.test122.TestA)
                                                           
    3/26 (11.5%) test_z0 (...le1.sampletests.test122.TestA)
                                                           
    4/26 (15.4%) test_x0 (...le1.sampletests.test122.TestB)
                                                           
    5/26 (19.2%) test_y1 (...le1.sampletests.test122.TestB)
                                                           
    6/26 (23.1%) test_z0 (...le1.sampletests.test122.TestB)
                                                           
    7/26 (26.9%) test_1 (...ampletests.test122.TestNotMuch)
                                                           
    8/26 (30.8%) test_2 (...ampletests.test122.TestNotMuch)
                                                           
    9/26 (34.6%) test_3 (...ampletests.test122.TestNotMuch)
                                                           
    10/26 (38.5%) test_x0 (sample1.sampletests.test122)
                                                       
    11/26 (42.3%) test_y0 (sample1.sampletests.test122)
                                                       
    12/26 (46.2%) test_z1 (sample1.sampletests.test122)
                                                       
    13/26 (50.0%) ... e1/sampletests/../../sampletestsl.txt
                                                           
    14/26 (53.8%) test_x1 (sampletests.test122.TestA)
                                                     
    15/26 (57.7%) test_y0 (sampletests.test122.TestA)
                                                     
    16/26 (61.5%) test_z0 (sampletests.test122.TestA)
                                                     
    17/26 (65.4%) test_x0 (sampletests.test122.TestB)
                                                     
    18/26 (69.2%) test_y1 (sampletests.test122.TestB)
                                                     
    19/26 (73.1%) test_z0 (sampletests.test122.TestB)
                                                     
    20/26 (76.9%) test_1 (sampletests.test122.TestNotMuch)
                                                          
    21/26 (80.8%) test_2 (sampletests.test122.TestNotMuch)
                                                          
    22/26 (84.6%) test_3 (sampletests.test122.TestNotMuch)
                                                          
    23/26 (88.5%) test_x0 (sampletests.test122)
                                               
    24/26 (92.3%) test_y0 (sampletests.test122)
                                               
    25/26 (96.2%) test_z1 (sampletests.test122)
                                               
    26/26 (100.0%) ... r-ex/sampletests/../sampletestsl.txt
                                                           
<BLANKLINE>
      Ran 26 tests with 0 failures and 0 errors in N.NNN seconds.
    Tearing down left over layers:
      Tear down samplelayers.Layer122 in N.NNN seconds.
      Tear down samplelayers.Layer12 in N.NNN seconds.
      Tear down samplelayers.Layer1 in N.NNN seconds.
    False
Got:
    Running tests at level 1
    Running samplelayers.Layer122 tests:
      Set up samplelayers.Layer1 in N.NNN seconds.
      Set up samplelayers.Layer12 in N.NNN seconds.
      Set up samplelayers.Layer122 in N.NNN seconds.
      Running:
        1/26 (3.8%) test_x1 (sample1.sampletests.test122.TestA)                                                               2/26 (7.7%) test_y0 (sample1.sampletests.test122.TestA)                                                               3/26 (11.5%) test_z0 (...le1.sampletests.test122.TestA)                                                               4/26 (15.4%) test_x0 (...le1.sampletests.test122.TestB)                                                               5/26 (19.2%) test_y1 (...le1.sampletests.test122.TestB)                                                               6/26 (23.1%) test_z0 (...le1.sampletests.test122.TestB)                                                               7/26 (26.9%) test_1 (...ampletests.test122.TestNotMuch)                                                               8/26 (30.8%) test_2 (...ampletests.test122.TestNotMuch)                                                               9/26 (34.6%) test_3 (...ampletests.test122.TestNotMuch)                                                               10/26 (38.5%) test_x0 (sample1.sampletests.test122)                                                           11/26 (42.3%) test_y0 (sample1.sampletests.test122)                                                           12/26 (46.2%) test_z1 (sample1.sampletests.test122)                                                           13/26 (50.0%) ... e1/sampletests/../../sampletestsl.txt                                                               14/26 (53.8%) test_x1 (sampletests.test122.TestA)                                                         15/26 (57.7%) test_y0 (sampletests.test122.TestA)                                                         16/26 (61.5%) test_z0 (sampletests.test122.TestA)                                                         17/26 (65.4%) test_x0 (sampletests.test122.TestB)                                                         18/26 (69.2%) test_y1 (sampletests.test122.TestB)                                                         19/26 (73.1%) test_z0 (sampletests.test122.TestB)                                                         20/26 (76.9%) test_1 (sampletests.test122.TestNotMuch)                                                              21/26 (80.8%) test_2 (sampletests.test122.TestNotMuch)                                                              22/26 (84.6%) test_3 (sampletests.test122.TestNotMuch)                                                              23/26 (88.5%) test_x0 (sampletests.test122)                                                   24/26 (92.3%) test_y0 (sampletests.test122)                                                   25/26 (96.2%) test_z1 (sampletests.test122)                                                   26/26 (100.0%) ... r-ex/sampletests/../sampletestsl.txt                                                           
      Ran 26 tests with 0 failures and 0 errors in N.NNN seconds.
    Tearing down left over layers:
      Tear down samplelayers.Layer122 in N.NNN seconds.
      Tear down samplelayers.Layer12 in N.NNN seconds.
      Tear down samplelayers.Layer1 in N.NNN seconds.
    False




Failure in test c:\buildslave\ztk_dev_py_265_win32\build\src\zope.testrunner\src\zope\testrunner\testrunner-subunit.txt
Traceback (most recent call last):
  File "c:\Python26_32\lib\unittest.py", line 279, in run
    testMethod()
  File "c:\Python26_32\lib\doctest.py", line 2163, in runTest
    raise self.failureException(self.format_failure(new.getvalue()))
DocTestFailureException: Failed doctest test for testrunner-subunit.txt
  File "c:\buildslave\ztk_dev_py_265_win32\build\src\zope.testrunner\src\zope\testrunner\testrunner-subunit.txt", line 0

----------------------------------------------------------------------
File "c:\buildslave\ztk_dev_py_265_win32\build\src\zope.testrunner\src\zope\testrunner\testrunner-subunit.txt", line 379, in testrunner-subunit.txt
Failed example:
    testrunner.run_internal(defaults)
Expected:
    time: YYYY-MM-DD HH:MM:SS.mmmmmmZ
    test: sample1.sampletests_ntd.Layer:setUp
    tags: zope:layer
    time: YYYY-MM-DD HH:MM:SS.mmmmmmZ
    successful: sample1.sampletests_ntd.Layer:setUp
    tags: zope:layer:sample1.sampletests_ntd.Layer
    time: YYYY-MM-DD HH:MM:SS.mmmmmmZ
    test: sample1.sampletests_ntd.TestSomething.test_something
    time: YYYY-MM-DD HH:MM:SS.mmmmmmZ
    successful: sample1.sampletests_ntd.TestSomething.test_something
    tags: -zope:layer:sample1.sampletests_ntd.Layer
    time: YYYY-MM-DD HH:MM:SS.mmmmmmZ
    test: sample1.sampletests_ntd.Layer:tearDown
    tags: zope:layer
    time: YYYY-MM-DD HH:MM:SS.mmmmmmZ
    skip: sample1.sampletests_ntd.Layer:tearDown [
    tearDown not supported
    ]
    test: Running in a subprocess.
    tags: zope:info_suboptimal
    successful: Running in a subprocess.
    time: YYYY-MM-DD HH:MM:SS.mmmmmmZ
    test: sample2.sampletests_ntd.Layer:setUp
    tags: zope:layer
    time: YYYY-MM-DD HH:MM:SS.mmmmmmZ
    successful: sample2.sampletests_ntd.Layer:setUp
    tags: zope:layer:sample2.sampletests_ntd.Layer
    time: YYYY-MM-DD HH:MM:SS.mmmmmmZ
    test: sample2.sampletests_ntd.TestSomething.test_something
    time: YYYY-MM-DD HH:MM:SS.mmmmmmZ
    successful: sample2.sampletests_ntd.TestSomething.test_something
    tags: -zope:layer:sample2.sampletests_ntd.Layer
    time: YYYY-MM-DD HH:MM:SS.mmmmmmZ
    test: sample2.sampletests_ntd.Layer:tearDown
    tags: zope:layer
    time: YYYY-MM-DD HH:MM:SS.mmmmmmZ
    skip: sample2.sampletests_ntd.Layer:tearDown [
    tearDown not supported
    ]
    test: Running in a subprocess.
    tags: zope:info_suboptimal
    successful: Running in a subprocess.
    time: YYYY-MM-DD HH:MM:SS.mmmmmmZ
    test: sample3.sampletests_ntd.Layer:setUp
    tags: zope:layer
    time: YYYY-MM-DD HH:MM:SS.mmmmmmZ
    successful: sample3.sampletests_ntd.Layer:setUp
    tags: zope:layer:sample3.sampletests_ntd.Layer
    time: YYYY-MM-DD HH:MM:SS.mmmmmmZ
    test: sample3.sampletests_ntd.TestSomething.test_error1
    time: YYYY-MM-DD HH:MM:SS.mmmmmmZ
    error: sample3.sampletests_ntd.TestSomething.test_error1 [ multipart
    Content-Type: text/x-traceback;charset=utf8,language=python
    traceback
    NNN
    <BLANKLINE>
    Traceback (most recent call last):
     testrunner-ex/sample3/sampletests_ntd.py", Line NNN, in test_error1
        raise TypeError("Can we see errors")
    TypeError: Can we see errors
    0
    <BLANKLINE>
    ]
    time: YYYY-MM-DD HH:MM:SS.mmmmmmZ
    test: sample3.sampletests_ntd.TestSomething.test_error2
    time: YYYY-MM-DD HH:MM:SS.mmmmmmZ
    error: sample3.sampletests_ntd.TestSomething.test_error2 [ multipart
    Content-Type: text/x-traceback;charset=utf8,language=python
    traceback
    NNN
    <BLANKLINE>
    Traceback (most recent call last):
     testrunner-ex/sample3/sampletests_ntd.py", Line NNN, in test_error2
        raise TypeError("I hope so")
    TypeError: I hope so
    0
    <BLANKLINE>
    ]
    time: YYYY-MM-DD HH:MM:SS.mmmmmmZ
    test: sample3.sampletests_ntd.TestSomething.test_fail1
    time: YYYY-MM-DD HH:MM:SS.mmmmmmZ
    failure: sample3.sampletests_ntd.TestSomething.test_fail1 [ multipart
    Content-Type: text/x-traceback;charset=utf8,language=python
    traceback
    NNN
    <BLANKLINE>
    Traceback (most recent call last):
     testrunner-ex/sample3/sampletests_ntd.py", Line NNN, in test_fail1
        self.assertEqual(1, 2)
    AssertionError: 1 != 2
    0
    <BLANKLINE>
    ]
    time: YYYY-MM-DD HH:MM:SS.mmmmmmZ
    test: sample3.sampletests_ntd.TestSomething.test_fail2
    time: YYYY-MM-DD HH:MM:SS.mmmmmmZ
    failure: sample3.sampletests_ntd.TestSomething.test_fail2 [ multipart
    Content-Type: text/x-traceback;charset=utf8,language=python
    traceback
    NNN
    <BLANKLINE>
    Traceback (most recent call last):
     testrunner-ex/sample3/sampletests_ntd.py", Line NNN, in test_fail2
        self.assertEqual(1, 3)
    AssertionError: 1 != 3
    0
    <BLANKLINE>
    ]
    time: YYYY-MM-DD HH:MM:SS.mmmmmmZ
    test: sample3.sampletests_ntd.TestSomething.test_something
    time: YYYY-MM-DD HH:MM:SS.mmmmmmZ
    successful: sample3.sampletests_ntd.TestSomething.test_something
    time: YYYY-MM-DD HH:MM:SS.mmmmmmZ
    test: sample3.sampletests_ntd.TestSomething.test_something_else
    time: YYYY-MM-DD HH:MM:SS.mmmmmmZ
    successful: sample3.sampletests_ntd.TestSomething.test_something_else
    tags: -zope:layer:sample3.sampletests_ntd.Layer
    time: YYYY-MM-DD HH:MM:SS.mmmmmmZ
    test: sample3.sampletests_ntd.Layer:tearDown
    tags: zope:layer
    time: YYYY-MM-DD HH:MM:SS.mmmmmmZ
    skip: sample3.sampletests_ntd.Layer:tearDown [
    tearDown not supported
    ]
    True
Got:
    time: YYYY-MM-DD HH:MM:SS.mmmmmmZ
    test: sample1.sampletests_ntd.Layer:setUp
    tags: zope:layer
    time: YYYY-MM-DD HH:MM:SS.mmmmmmZ
    successful: sample1.sampletests_ntd.Layer:setUp
    tags: zope:layer:sample1.sampletests_ntd.Layer
    time: YYYY-MM-DD HH:MM:SS.mmmmmmZ
    test: sample1.sampletests_ntd.TestSomething.test_something
    time: YYYY-MM-DD HH:MM:SS.mmmmmmZ
    successful: sample1.sampletests_ntd.TestSomething.test_something
    tags: -zope:layer:sample1.sampletests_ntd.Layer
    time: YYYY-MM-DD HH:MM:SS.mmmmmmZ
    test: sample1.sampletests_ntd.Layer:tearDown
    tags: zope:layer
    time: YYYY-MM-DD HH:MM:SS.mmmmmmZ
    skip: sample1.sampletests_ntd.Layer:tearDown [
    tearDown not supported
    ]
    test: Running in a subprocess.
    tags: zope:info_suboptimal
    successful: Running in a subprocess.
    time: YYYY-MM-DD HH:MM:SS.mmmmmmZ
    test: sample2.sampletests_ntd.Layer:setUp
    tags: zope:layer
    time: YYYY-MM-DD HH:MM:SS.mmmmmmZ
    successful: sample2.sampletests_ntd.Layer:setUp
    tags: zope:layer:sample2.sampletests_ntd.Layer
    test: sample2.sampletests_ntd.TestSomething.test_something
    successful: sample2.sampletests_ntd.TestSomething.test_something
    tags: -zope:layer:sample2.sampletests_ntd.Layer
    time: YYYY-MM-DD HH:MM:SS.mmmmmmZ
    test: sample2.sampletests_ntd.Layer:tearDown
    tags: zope:layer
    time: YYYY-MM-DD HH:MM:SS.mmmmmmZ
    skip: sample2.sampletests_ntd.Layer:tearDown [
    tearDown not supported
    ]
    test: Running in a subprocess.
    tags: zope:info_suboptimal
    successful: Running in a subprocess.
    time: YYYY-MM-DD HH:MM:SS.mmmmmmZ
    test: sample3.sampletests_ntd.Layer:setUp
    tags: zope:layer
    time: YYYY-MM-DD HH:MM:SS.mmmmmmZ
    successful: sample3.sampletests_ntd.Layer:setUp
    tags: zope:layer:sample3.sampletests_ntd.Layer
    test: sample3.sampletests_ntd.TestSomething.test_error1
    error: sample3.sampletests_ntd.TestSomething.test_error1 [ multipart
    Content-Type: text/x-traceback;charset=utf8,language=python
    traceback
    NNN
    Traceback (most recent call last):
     testrunner-ex/sample3/sampletests_ntd.py", Line NNN, in test_error1
        raise TypeError("Can we see errors")
    TypeError: Can we see errors
    0
    ]
    test: sample3.sampletests_ntd.TestSomething.test_error2
    error: sample3.sampletests_ntd.TestSomething.test_error2 [ multipart
    Content-Type: text/x-traceback;charset=utf8,language=python
    traceback
    NNN
    Traceback (most recent call last):
     testrunner-ex/sample3/sampletests_ntd.py", Line NNN, in test_error2
        raise TypeError("I hope so")
    TypeError: I hope so
    0
    ]
    test: sample3.sampletests_ntd.TestSomething.test_fail1
    failure: sample3.sampletests_ntd.TestSomething.test_fail1 [ multipart
    Content-Type: text/x-traceback;charset=utf8,language=python
    traceback
    NNN
    Traceback (most recent call last):
     testrunner-ex/sample3/sampletests_ntd.py", Line NNN, in test_fail1
        self.assertEqual(1, 2)
    AssertionError: 1 != 2
    0
    ]
    test: sample3.sampletests_ntd.TestSomething.test_fail2
    failure: sample3.sampletests_ntd.TestSomething.test_fail2 [ multipart
    Content-Type: text/x-traceback;charset=utf8,language=python
    traceback
    NNN
    Traceback (most recent call last):
     testrunner-ex/sample3/sampletests_ntd.py", Line NNN, in test_fail2
        self.assertEqual(1, 3)
    AssertionError: 1 != 3
    0
    ]
    test: sample3.sampletests_ntd.TestSomething.test_something
    successful: sample3.sampletests_ntd.TestSomething.test_something
    test: sample3.sampletests_ntd.TestSomething.test_something_else
    successful: sample3.sampletests_ntd.TestSomething.test_something_else
    tags: -zope:layer:sample3.sampletests_ntd.Layer
    time: YYYY-MM-DD HH:MM:SS.mmmmmmZ
    test: sample3.sampletests_ntd.Layer:tearDown
    tags: zope:layer
    time: YYYY-MM-DD HH:MM:SS.mmmmmmZ
    skip: sample3.sampletests_ntd.Layer:tearDown [
    tearDown not supported
    ]
    True
----------------------------------------------------------------------
File "c:\buildslave\ztk_dev_py_265_win32\build\src\zope.testrunner\src\zope\testrunner\testrunner-subunit.txt", line 510, in testrunner-subunit.txt
Failed example:
    testrunner.run_internal(defaults)
Expected:
    time: YYYY-MM-DD HH:MM:SS.mmmmmmZ
    test: sample1.sampletests_ntd.Layer:setUp
    tags: zope:layer
    time: YYYY-MM-DD HH:MM:SS.mmmmmmZ
    successful: sample1.sampletests_ntd.Layer:setUp
    tags: zope:layer:sample1.sampletests_ntd.Layer
    time: YYYY-MM-DD HH:MM:SS.mmmmmmZ
    test: sample1.sampletests_ntd.TestSomething.test_something
    time: YYYY-MM-DD HH:MM:SS.mmmmmmZ
    successful: sample1.sampletests_ntd.TestSomething.test_something
    tags: -zope:layer:sample1.sampletests_ntd.Layer
    time: YYYY-MM-DD HH:MM:SS.mmmmmmZ
    test: sample1.sampletests_ntd.Layer:tearDown
    tags: zope:layer
    time: YYYY-MM-DD HH:MM:SS.mmmmmmZ
    skip: sample1.sampletests_ntd.Layer:tearDown [
    tearDown not supported
    ]
    test: Running in a subprocess.
    tags: zope:info_suboptimal
    successful: Running in a subprocess.
    time: YYYY-MM-DD HH:MM:SS.mmmmmmZ
    test: sample2.sampletests_ntd.Layer:setUp
    tags: zope:layer
    time: YYYY-MM-DD HH:MM:SS.mmmmmmZ
    successful: sample2.sampletests_ntd.Layer:setUp
    tags: zope:layer:sample2.sampletests_ntd.Layer
    time: YYYY-MM-DD HH:MM:SS.mmmmmmZ
    test: sample2.sampletests_ntd.TestSomething.test_something
    time: YYYY-MM-DD HH:MM:SS.mmmmmmZ
    successful: sample2.sampletests_ntd.TestSomething.test_something
    tags: -zope:layer:sample2.sampletests_ntd.Layer
    time: YYYY-MM-DD HH:MM:SS.mmmmmmZ
    test: sample2.sampletests_ntd.Layer:tearDown
    tags: zope:layer
    time: YYYY-MM-DD HH:MM:SS.mmmmmmZ
    skip: sample2.sampletests_ntd.Layer:tearDown [
    tearDown not supported
    ]
    test: Running in a subprocess.
    tags: zope:info_suboptimal
    successful: Running in a subprocess.
    time: YYYY-MM-DD HH:MM:SS.mmmmmmZ
    test: sample3.sampletests_ntd.Layer:setUp
    tags: zope:layer
    time: YYYY-MM-DD HH:MM:SS.mmmmmmZ
    successful: sample3.sampletests_ntd.Layer:setUp
    tags: zope:layer:sample3.sampletests_ntd.Layer
    time: YYYY-MM-DD HH:MM:SS.mmmmmmZ
    test: sample3.sampletests_ntd.TestSomething.test_error1
    time: YYYY-MM-DD HH:MM:SS.mmmmmmZ
    error: sample3.sampletests_ntd.TestSomething.test_error1 [ multipart
    Content-Type: text/x-traceback;charset=utf8,language=python
    traceback
    NNN
    <BLANKLINE>
    Traceback (most recent call last):
     testrunner-ex/sample3/sampletests_ntd.py", Line NNN, in test_error1
        raise TypeError("Can we see errors")
    TypeError: Can we see errors
    0
    <BLANKLINE>
    ]
    test: Can't post-mortem debug when running a layer as a subprocess!
    tags: zope:error_with_banner
    successful: Can't post-mortem debug when running a layer as a subprocess!
    time: YYYY-MM-DD HH:MM:SS.mmmmmmZ
    test: sample3.sampletests_ntd.TestSomething.test_error2
    time: YYYY-MM-DD HH:MM:SS.mmmmmmZ
    error: sample3.sampletests_ntd.TestSomething.test_error2 [ multipart
    Content-Type: text/x-traceback;charset=utf8,language=python
    traceback
    NNN
    <BLANKLINE>
    Traceback (most recent call last):
     testrunner-ex/sample3/sampletests_ntd.py", Line NNN, in test_error2
        raise TypeError("I hope so")
    TypeError: I hope so
    0
    <BLANKLINE>
    ]
    test: Can't post-mortem debug when running a layer as a subprocess!
    tags: zope:error_with_banner
    successful: Can't post-mortem debug when running a layer as a subprocess!
    time: YYYY-MM-DD HH:MM:SS.mmmmmmZ
    test: sample3.sampletests_ntd.TestSomething.test_fail1
    time: YYYY-MM-DD HH:MM:SS.mmmmmmZ
    error: sample3.sampletests_ntd.TestSomething.test_fail1 [ multipart
    Content-Type: text/x-traceback;charset=utf8,language=python
    traceback
    NNN
    <BLANKLINE>
    Traceback (most recent call last):
     testrunner-ex/sample3/sampletests_ntd.py", Line NNN, in test_fail1
        self.assertEqual(1, 2)
    AssertionError: 1 != 2
    0
    <BLANKLINE>
    ]
    test: Can't post-mortem debug when running a layer as a subprocess!
    tags: zope:error_with_banner
    successful: Can't post-mortem debug when running a layer as a subprocess!
    time: YYYY-MM-DD HH:MM:SS.mmmmmmZ
    test: sample3.sampletests_ntd.TestSomething.test_fail2
    time: YYYY-MM-DD HH:MM:SS.mmmmmmZ
    error: sample3.sampletests_ntd.TestSomething.test_fail2 [ multipart
    Content-Type: text/x-traceback;charset=utf8,language=python
    traceback
    NNN
    <BLANKLINE>
    Traceback (most recent call last):
     testrunner-ex/sample3/sampletests_ntd.py", Line NNN, in test_fail2
        self.assertEqual(1, 3)
    AssertionError: 1 != 3
    0
    <BLANKLINE>
    ]
    test: Can't post-mortem debug when running a layer as a subprocess!
    tags: zope:error_with_banner
    successful: Can't post-mortem debug when running a layer as a subprocess!
    time: YYYY-MM-DD HH:MM:SS.mmmmmmZ
    test: sample3.sampletests_ntd.TestSomething.test_something
    time: YYYY-MM-DD HH:MM:SS.mmmmmmZ
    successful: sample3.sampletests_ntd.TestSomething.test_something
    time: YYYY-MM-DD HH:MM:SS.mmmmmmZ
    test: sample3.sampletests_ntd.TestSomething.test_something_else
    time: YYYY-MM-DD HH:MM:SS.mmmmmmZ
    successful: sample3.sampletests_ntd.TestSomething.test_something_else
    tags: -zope:layer:sample3.sampletests_ntd.Layer
    time: YYYY-MM-DD HH:MM:SS.mmmmmmZ
    test: sample3.sampletests_ntd.Layer:tearDown
    tags: zope:layer
    time: YYYY-MM-DD HH:MM:SS.mmmmmmZ
    skip: sample3.sampletests_ntd.Layer:tearDown [
    tearDown not supported
    ]
    True
Got:
    time: YYYY-MM-DD HH:MM:SS.mmmmmmZ
    test: sample1.sampletests_ntd.Layer:setUp
    tags: zope:layer
    time: YYYY-MM-DD HH:MM:SS.mmmmmmZ
    successful: sample1.sampletests_ntd.Layer:setUp
    tags: zope:layer:sample1.sampletests_ntd.Layer
    time: YYYY-MM-DD HH:MM:SS.mmmmmmZ
    test: sample1.sampletests_ntd.TestSomething.test_something
    time: YYYY-MM-DD HH:MM:SS.mmmmmmZ
    successful: sample1.sampletests_ntd.TestSomething.test_something
    tags: -zope:layer:sample1.sampletests_ntd.Layer
    time: YYYY-MM-DD HH:MM:SS.mmmmmmZ
    test: sample1.sampletests_ntd.Layer:tearDown
    tags: zope:layer
    time: YYYY-MM-DD HH:MM:SS.mmmmmmZ
    skip: sample1.sampletests_ntd.Layer:tearDown [
    tearDown not supported
    ]
    test: Running in a subprocess.
    tags: zope:info_suboptimal
    successful: Running in a subprocess.
    time: YYYY-MM-DD HH:MM:SS.mmmmmmZ
    test: sample2.sampletests_ntd.Layer:setUp
    tags: zope:layer
    time: YYYY-MM-DD HH:MM:SS.mmmmmmZ
    successful: sample2.sampletests_ntd.Layer:setUp
    tags: zope:layer:sample2.sampletests_ntd.Layer
    test: sample2.sampletests_ntd.TestSomething.test_something
    successful: sample2.sampletests_ntd.TestSomething.test_something
    tags: -zope:layer:sample2.sampletests_ntd.Layer
    time: YYYY-MM-DD HH:MM:SS.mmmmmmZ
    test: sample2.sampletests_ntd.Layer:tearDown
    tags: zope:layer
    time: YYYY-MM-DD HH:MM:SS.mmmmmmZ
    skip: sample2.sampletests_ntd.Layer:tearDown [
    tearDown not supported
    ]
    test: Running in a subprocess.
    tags: zope:info_suboptimal
    successful: Running in a subprocess.
    time: YYYY-MM-DD HH:MM:SS.mmmmmmZ
    test: sample3.sampletests_ntd.Layer:setUp
    tags: zope:layer
    time: YYYY-MM-DD HH:MM:SS.mmmmmmZ
    successful: sample3.sampletests_ntd.Layer:setUp
    tags: zope:layer:sample3.sampletests_ntd.Layer
    test: sample3.sampletests_ntd.TestSomething.test_error1
    error: sample3.sampletests_ntd.TestSomething.test_error1 [ multipart
    Content-Type: text/x-traceback;charset=utf8,language=python
    traceback
    NNN
    Traceback (most recent call last):
     testrunner-ex/sample3/sampletests_ntd.py", Line NNN, in test_error1
        raise TypeError("Can we see errors")
    TypeError: Can we see errors
    0
    ]
    test: Can't post-mortem debug when running a layer as a subprocess!
    tags: zope:error_with_banner
    successful: Can't post-mortem debug when running a layer as a subprocess!
    test: sample3.sampletests_ntd.TestSomething.test_error2
    error: sample3.sampletests_ntd.TestSomething.test_error2 [ multipart
    Content-Type: text/x-traceback;charset=utf8,language=python
    traceback
    NNN
    Traceback (most recent call last):
     testrunner-ex/sample3/sampletests_ntd.py", Line NNN, in test_error2
        raise TypeError("I hope so")
    TypeError: I hope so
    0
    ]
    test: Can't post-mortem debug when running a layer as a subprocess!
    tags: zope:error_with_banner
    successful: Can't post-mortem debug when running a layer as a subprocess!
    test: sample3.sampletests_ntd.TestSomething.test_fail1
    error: sample3.sampletests_ntd.TestSomething.test_fail1 [ multipart
    Content-Type: text/x-traceback;charset=utf8,language=python
    traceback
    NNN
    Traceback (most recent call last):
     testrunner-ex/sample3/sampletests_ntd.py", Line NNN, in test_fail1
        self.assertEqual(1, 2)
    AssertionError: 1 != 2
    0
    ]
    test: Can't post-mortem debug when running a layer as a subprocess!
    tags: zope:error_with_banner
    successful: Can't post-mortem debug when running a layer as a subprocess!
    test: sample3.sampletests_ntd.TestSomething.test_fail2
    error: sample3.sampletests_ntd.TestSomething.test_fail2 [ multipart
    Content-Type: text/x-traceback;charset=utf8,language=python
    traceback
    NNN
    Traceback (most recent call last):
     testrunner-ex/sample3/sampletests_ntd.py", Line NNN, in test_fail2
        self.assertEqual(1, 3)
    AssertionError: 1 != 3
    0
    ]
    test: Can't post-mortem debug when running a layer as a subprocess!
    tags: zope:error_with_banner
    successful: Can't post-mortem debug when running a layer as a subprocess!
    test: sample3.sampletests_ntd.TestSomething.test_something
    successful: sample3.sampletests_ntd.TestSomething.test_something
    test: sample3.sampletests_ntd.TestSomething.test_something_else
    successful: sample3.sampletests_ntd.TestSomething.test_something_else
    tags: -zope:layer:sample3.sampletests_ntd.Layer
    time: YYYY-MM-DD HH:MM:SS.mmmmmmZ
    test: sample3.sampletests_ntd.Layer:tearDown
    tags: zope:layer
    time: YYYY-MM-DD HH:MM:SS.mmmmmmZ
    skip: sample3.sampletests_ntd.Layer:tearDown [
    tearDown not supported
    ]
    True




Failure in test test_print_failure_containing_latin1_bytestrings (zope.testrunner.test_subunit.TestSubunitTracebackPrinting)
Traceback (most recent call last):
  File "c:\Python26_32\lib\unittest.py", line 279, in run
    testMethod()
  File "c:\buildslave\ztk_dev_py_265_win32\build\src\zope.testrunner\src\zope\testrunner\test_subunit.py", line 59, in test_print_failure_containing_latin1_bytestrings
    assert "AssertionError: \xef\xbf\xbd0" in self.output.getvalue()
AssertionError

  Ran 31 tests with 7 failures and 0 errors in 35.422 seconds.
Tearing down left over layers:
  Tear down zope.testing.testrunner.layer.UnitTests in 0.000 seconds.
c:\buildslave\ztk_dev_py_265_win32\build\bin\test-ztk-zope.testrunner-script.py:19: DeprecationWarning: zope.testing.testrunner is deprecated in favour of zope.testrunner.
  import zope.testing.testrunner
c:\buildslave\ztk_dev_py_265_win32\build\src\zope.testing\src\zope\testing\testrunner\formatter.py:28: DeprecationWarning: zope.testing.exceptions is deprecated in favour of zope.testrunner.exceptions
  from zope.testing.exceptions import DocTestFailureException

Running test-ztk-zope.testing
Running test-ztk-zope.server
Running test-ztk-zope.sendmail
Running test-ztk-zope.formlib
Running test-ztk-zope.component
Running test-ztk-zope.i18n
Running test-ztk-zope.traversing
Running test-ztk-zope.pagetemplate
Running test-ztk-zope.ramcache
Running test-ztk-zope.session
Running test-ztk-zope.publisher
Running test-ztk-zope.container
Running test-ztk-zope.browserpage
Running test-ztk-zope.browserresource
Running test-ztk-zope.index
Running test-ztk-zope.security
Running test-ztk-zope.pluggableauth
Running test-ztk-zope.mimetype
Running test-ztk-zope.viewlet
Running test-ztk-zope.dublincore
Running test-ztk-zope.browsermenu
Running test-ztk-zope.schema
Running test-ztk-zope.site
Running test-ztk-zope.configuration
Running test-ztk-zope.copypastemove
Running test-ztk-zope.interface
Running test-ztk-zope.tal
Running test-ztk-zope.contentprovider
Running test-ztk-zope.catalog
Running test-ztk-zope.ptresource
Running test-ztk-zope.principalannotation
Running test-ztk-zope.securitypolicy
Running test-ztk-zope.intid
Running test-ztk-zope.applicationcontrol
Running test-ztk-zope.login
Running test-ztk-zope.principalregistry
Running test-ztk-zope.structuredtext
Running test-ztk-zope.lifecycleevent
Running test-ztk-zope.keyreference
Running test-ztk-zope.authentication
Running test-ztk-zope.annotation
Running test-ztk-zope.password
Running test-ztk-zope.location
Running test-ztk-zope.componentvocabulary
Running test-ztk-zope.hookable
Running test-ztk-zope.error
Running test-ztk-zope.copy
Running test-ztk-zope.deprecation
Running test-ztk-zope.tales
Running test-ztk-zope.deferredimport
Running test-ztk-zope.minmax
Running test-ztk-zope.i18nmessageid
Running test-ztk-zope.proxy
Running test-ztk-zope.cachedescriptors
Running test-ztk-zope.dottedname
Running test-ztk-zope.sequencesort
Running test-ztk-zope.processlifetime
Running test-ztk-zope.datetime
Running test-ztk-zope.event
Running test-ztk-zope.exceptions
Running test-ztk-zope.contenttype
Running test-ztk-zope.size
Running test-ztk-zope.browser
Running test-ztk-zope.broken
Running test-ztk-zope.filerepresentation
1 failure(s).
- test-ztk-zope.testrunnerRunning test-ztk-zope.testrunner
test-ztk-zope.testrunner failed with:
Running zope.testing.testrunner.layer.UnitTests tests:
  Set up zope.testing.testrunner.layer.UnitTests in 0.000 seconds.


Failure in test c:\buildslave\ztk_dev_py_265_win32\build\src\zope.testrunner\src\zope\testrunner\testrunner-debugging-layer-setup.test
Traceback (most recent call last):
  File "c:\Python26_32\lib\unittest.py", line 279, in run
    testMethod()
  File "c:\Python26_32\lib\doctest.py", line 2163, in runTest
    raise self.failureException(self.format_failure(new.getvalue()))
DocTestFailureException: Failed doctest test for testrunner-debugging-layer-setup.test
  File "c:\buildslave\ztk_dev_py_265_win32\build\src\zope.testrunner\src\zope\testrunner\testrunner-debugging-layer-setup.test", line 0

----------------------------------------------------------------------
File "c:\buildslave\ztk_dev_py_265_win32\build\src\zope.testrunner\src\zope\testrunner\testrunner-debugging-layer-setup.test", line 94, in testrunner-debugging-layer-setup.test
Failed example:
    try:
        zope.testrunner.run_internal(
          ['--path', dir, '-Dvv', '--tests-pattern', 'tests2'])
    finally: sys.stdin = real_stdin
    # doctest: +ELLIPSIS +REPORT_NDIFF
Differences (ndiff with -expected +actual):
      Running tests at level 1
      Running tests2.Layer1 tests:
        Set up tests2.Layer1 in N.NNN seconds.
        Running:
       a_test (tests2)
        Ran 1 tests with 0 failures and 0 errors in N.NNN seconds.
      Running tests2.Layer2 tests:
        Tear down tests2.Layer1 ... not supported
        Running in a subprocess.
        Set up tests2.Layer2
      **********************************************************************
      <BLANKLINE>
      Can't post-mortem debug when running a layer as a subprocess!
      Try running layer 'tests2.Layer2' by itself.
      <BLANKLINE>
      **********************************************************************
      <BLANKLINE>
      Traceback (most recent call last):
    - ...
    +   File "c:/buildslave/ztk_dev_py_265_win32/build/src/zope.testing/src/zope/testing/testrunnerunner.py", Line NNN, in run_layer
    +     setup_layer(options, layer, setup_layers)
    +   File "c:/buildslave/ztk_dev_py_265_win32/build/src/zope.testing/src/zope/testing/testrunnerunner.py", Line NNN, in setup_layer
    +     layer.setUp()
    +   File "c:/temp/tmp96jkfi/TESTS-DIR/tests2.py", Line NNN, in setUp
          raise ValueError
      ValueError
      <BLANKLINE>
      <BLANKLINE>
      Tests with errors:
    -    Layer: tests2.Layer2
    +    runTest (zope.testing.testrunner.runner.SetUpLayerFailure)
      Total: 1 tests, 0 failures, 1 errors in N.NNN seconds.
      True


> c:\buildslave\ztk_dev_py_265_win32\build\src\zope.testrunner\src\zope\testrunner\testrunner-ex\sample3\sampletests_d.py(22)test_set_trace1()
-> y = x
(Pdb) p x
1
(Pdb) c


Failure in test c:\buildslave\ztk_dev_py_265_win32\build\src\zope.testrunner\src\zope\testrunner\testrunner-debugging.txt
Traceback (most recent call last):
  File "c:\Python26_32\lib\unittest.py", line 279, in run
    testMethod()
  File "c:\Python26_32\lib\doctest.py", line 2163, in runTest
    raise self.failureException(self.format_failure(new.getvalue()))
DocTestFailureException: Failed doctest test for testrunner-debugging.txt
  File "c:\buildslave\ztk_dev_py_265_win32\build\src\zope.testrunner\src\zope\testrunner\testrunner-debugging.txt", line 0

----------------------------------------------------------------------
File "c:\buildslave\ztk_dev_py_265_win32\build\src\zope.testrunner\src\zope\testrunner\testrunner-debugging.txt", line 32, in testrunner-debugging.txt
Failed example:
    try: testrunner.run_internal(defaults)
    finally: sys.stdin = real_stdin
    # doctest: +ELLIPSIS
Expected:
    Running zope.testrunner.layer.UnitTests tests:
    ...
    > testrunner-ex/sample3/sampletests_d.py(NNN)test_set_trace1()
    -> y = x
    (Pdb) p x
    1
    (Pdb) c
      Ran 1 tests with 0 failures and 0 errors in N.NNN seconds.
    ...
    False
Got:
    Running zope.testrunner.layer.UnitTests tests:
      Set up zope.testrunner.layer.UnitTests in N.NNN seconds.
      Ran 1 tests with 0 failures and 0 errors in N.NNN seconds.
    Tearing down left over layers:
      Tear down zope.testrunner.layer.UnitTests in N.NNN seconds.
    False


> c:\buildslave\ztk_dev_py_265_win32\build\src\zope.testrunner\src\zope\testrunner\testrunner-ex\sample3\sampletests_d.py(42)f()
-> y = x
(Pdb) p x
1
(Pdb) c


Failure in test c:\buildslave\ztk_dev_py_265_win32\build\src\zope.testrunner\src\zope\testrunner\testrunner-edge-cases.txt
Traceback (most recent call last):
  File "c:\Python26_32\lib\unittest.py", line 279, in run
    testMethod()
  File "c:\Python26_32\lib\doctest.py", line 2163, in runTest
    raise self.failureException(self.format_failure(new.getvalue()))
DocTestFailureException: Failed doctest test for testrunner-edge-cases.txt
  File "c:\buildslave\ztk_dev_py_265_win32\build\src\zope.testrunner\src\zope\testrunner\testrunner-edge-cases.txt", line 0

----------------------------------------------------------------------
File "c:\buildslave\ztk_dev_py_265_win32\build\src\zope.testrunner\src\zope\testrunner\testrunner-edge-cases.txt", line 91, in testrunner-edge-cases.txt
Failed example:
    try: testrunner.run_internal(defaults)
    finally: sys.stdin = real_stdin
    # doctest: +ELLIPSIS
Expected:
    Running zope.testrunner.layer.UnitTests tests:...
    > testrunner-ex/sample3/sampletests_d.py(NNN)f()
    -> y = x
    (Pdb) p x
    1
    (Pdb) c
      Ran 1 tests with 0 failures and 0 errors in N.NNN seconds.
    ...
    False
Got:
    Running zope.testrunner.layer.UnitTests tests:
      Set up zope.testrunner.layer.UnitTests in N.NNN seconds.
      Ran 1 tests with 0 failures and 0 errors in N.NNN seconds.
    Tearing down left over layers:
      Tear down zope.testrunner.layer.UnitTests in N.NNN seconds.
    False




Failure in test c:\buildslave\ztk_dev_py_265_win32\build\src\zope.testrunner\src\zope\testrunner\testrunner-layers.txt
Traceback (most recent call last):
  File "c:\Python26_32\lib\unittest.py", line 279, in run
    testMethod()
  File "c:\Python26_32\lib\doctest.py", line 2163, in runTest
    raise self.failureException(self.format_failure(new.getvalue()))
DocTestFailureException: Failed doctest test for testrunner-layers.txt
  File "c:\buildslave\ztk_dev_py_265_win32\build\src\zope.testrunner\src\zope\testrunner\testrunner-layers.txt", line 0

----------------------------------------------------------------------
File "c:\buildslave\ztk_dev_py_265_win32\build\src\zope.testrunner\src\zope\testrunner\testrunner-layers.txt", line 130, in testrunner-layers.txt
Failed example:
    testrunner.run_internal(defaults)
Expected:
    Running samplelayers.Layer1 tests:
      Set up samplelayers.Layer1 in N.NNN seconds.
      Ran 9 tests with 0 failures and 0 errors in N.NNN seconds.
    Running samplelayers.Layer11 tests:
      Running in a subprocess.
      Set up samplelayers.Layer1 in N.NNN seconds.
      Set up samplelayers.Layer11 in N.NNN seconds.
      Ran 26 tests with 0 failures and 0 errors in N.NNN seconds.
      Tear down samplelayers.Layer11 in N.NNN seconds.
      Tear down samplelayers.Layer1 in N.NNN seconds.
    Running samplelayers.Layer111 tests:
      Running in a subprocess.
      Set up samplelayers.Layerx in N.NNN seconds.
      Set up samplelayers.Layer1 in N.NNN seconds.
      Set up samplelayers.Layer11 in N.NNN seconds.
      Set up samplelayers.Layer111 in N.NNN seconds.
      Ran 26 tests with 0 failures and 0 errors in N.NNN seconds.
      Tear down samplelayers.Layer111 in N.NNN seconds.
      Tear down samplelayers.Layerx in N.NNN seconds.
      Tear down samplelayers.Layer11 in N.NNN seconds.
      Tear down samplelayers.Layer1 in N.NNN seconds.
    Running samplelayers.Layer112 tests:
      Running in a subprocess.
      Set up samplelayers.Layerx in N.NNN seconds.
      Set up samplelayers.Layer1 in N.NNN seconds.
      Set up samplelayers.Layer11 in N.NNN seconds.
      Set up samplelayers.Layer112 in N.NNN seconds.
      Ran 26 tests with 0 failures and 0 errors in N.NNN seconds.
      Tear down samplelayers.Layer112 in N.NNN seconds.
      Tear down samplelayers.Layerx in N.NNN seconds.
      Tear down samplelayers.Layer11 in N.NNN seconds.
      Tear down samplelayers.Layer1 in N.NNN seconds.
    Running samplelayers.Layer12 tests:
      Running in a subprocess.
      Set up samplelayers.Layer1 in N.NNN seconds.
      Set up samplelayers.Layer12 in N.NNN seconds.
      Ran 26 tests with 0 failures and 0 errors in N.NNN seconds.
      Tear down samplelayers.Layer12 in N.NNN seconds.
      Tear down samplelayers.Layer1 in N.NNN seconds.
    Running samplelayers.Layer121 tests:
      Running in a subprocess.
      Set up samplelayers.Layer1 in N.NNN seconds.
      Set up samplelayers.Layer12 in N.NNN seconds.
      Set up samplelayers.Layer121 in N.NNN seconds.
      Ran 26 tests with 0 failures and 0 errors in N.NNN seconds.
      Tear down samplelayers.Layer121 in N.NNN seconds.
      Tear down samplelayers.Layer12 in N.NNN seconds.
      Tear down samplelayers.Layer1 in N.NNN seconds.
    Running samplelayers.Layer122 tests:
      Running in a subprocess.
      Set up samplelayers.Layer1 in N.NNN seconds.
      Set up samplelayers.Layer12 in N.NNN seconds.
      Set up samplelayers.Layer122 in N.NNN seconds.
      Ran 26 tests with 0 failures and 0 errors in N.NNN seconds.
      Tear down samplelayers.Layer122 in N.NNN seconds.
      Tear down samplelayers.Layer12 in N.NNN seconds.
      Tear down samplelayers.Layer1 in N.NNN seconds.
    Running zope.testrunner.layer.UnitTests tests:
      Running in a subprocess.
      Set up zope.testrunner.layer.UnitTests in N.NNN seconds.
      Ran 156 tests with 0 failures and 0 errors in N.NNN seconds.
      Tear down zope.testrunner.layer.UnitTests in N.NNN seconds.
    Tearing down left over layers:
      Tear down samplelayers.Layer1 in N.NNN seconds.
    Total: 321 tests, 0 failures, 0 errors in N.NNN seconds.
    False
Got:
    Running samplelayers.Layer1 tests:
      Set up samplelayers.Layer1 in N.NNN seconds.
      Ran 9 tests with 0 failures and 0 errors in N.NNN seconds.
    Running samplelayers.Layer11 tests:
      Running in a subprocess.
      Set up samplelayers.Layer1 in N.NNN seconds.
      Set up samplelayers.Layer11 in N.NNN seconds.
      Ran 26 tests with 0 failures and 0 errors in N.NNN seconds.
      Tear down samplelayers.Layer11 in N.NNN seconds.
      Tear down samplelayers.Layer1 in N.NNN seconds.
    Running samplelayers.Layer111 tests:
      Running in a subprocess.
      Set up samplelayers.Layerx in N.NNN seconds.
      Set up samplelayers.Layer1 in N.NNN seconds.
      Set up samplelayers.Layer11 in N.NNN seconds.
      Set up samplelayers.Layer111 in N.NNN seconds.
      Ran 26 tests with 0 failures and 0 errors in N.NNN seconds.
      Tear down samplelayers.Layer111 in N.NNN seconds.
      Tear down samplelayers.Layerx in N.NNN seconds.
      Tear down samplelayers.Layer11 in N.NNN seconds.
      Tear down samplelayers.Layer1 in N.NNN seconds.
    Running samplelayers.Layer112 tests:
      Running in a subprocess.
      Set up samplelayers.Layerx in N.NNN seconds.
      Set up samplelayers.Layer1 in N.NNN seconds.
      Set up samplelayers.Layer11 in N.NNN seconds.
      Set up samplelayers.Layer112 in N.NNN seconds.
      Ran 26 tests with 0 failures and 0 errors in N.NNN seconds.
      Tear down samplelayers.Layer112 in N.NNN seconds.
      Tear down samplelayers.Layerx in N.NNN seconds.
      Tear down samplelayers.Layer11 in N.NNN seconds.
      Tear down samplelayers.Layer1 in N.NNN seconds.
    Running samplelayers.Layer12 tests:
      Running in a subprocess.
      Set up samplelayers.Layer1 in N.NNN seconds.
      Set up samplelayers.Layer12 in N.NNN seconds.
      Ran 26 tests with 0 failures and 0 errors in N.NNN seconds.
      Tear down samplelayers.Layer12 in N.NNN seconds.
      Tear down samplelayers.Layer1 in N.NNN seconds.
    Running samplelayers.Layer121 tests:
      Running in a subprocess.
      Set up samplelayers.Layer1 in N.NNN seconds.
      Set up samplelayers.Layer12 in N.NNN seconds.
      Set up samplelayers.Layer121 in N.NNN seconds.
      Ran 26 tests with 0 failures and 0 errors in N.NNN seconds.
      Tear down samplelayers.Layer121 in N.NNN seconds.
      Tear down samplelayers.Layer12 in N.NNN seconds.
      Tear down samplelayers.Layer1 in N.NNN seconds.
    Running samplelayers.Layer122 tests:
      Running in a subprocess.
      Set up samplelayers.Layer1 in N.NNN seconds.
      Set up samplelayers.Layer12 in N.NNN seconds.
      Set up samplelayers.Layer122 in N.NNN seconds.
      Ran 26 tests with 0 failures and 0 errors in N.NNN seconds.
      Tear down samplelayers.Layer122 in N.NNN seconds.
      Tear down samplelayers.Layer12 in N.NNN seconds.
      Tear down samplelayers.Layer1 in N.NNN seconds.
    Tearing down left over layers:
      Tear down samplelayers.Layer1 in N.NNN seconds.
    Total: 165 tests, 0 failures, 0 errors in N.NNN seconds.
    False




Failure in test c:\buildslave\ztk_dev_py_265_win32\build\src\zope.testrunner\src\zope\testrunner\testrunner-progress.txt
Traceback (most recent call last):
  File "c:\Python26_32\lib\unittest.py", line 279, in run
    testMethod()
  File "c:\Python26_32\lib\doctest.py", line 2163, in runTest
    raise self.failureException(self.format_failure(new.getvalue()))
DocTestFailureException: Failed doctest test for testrunner-progress.txt
  File "c:\buildslave\ztk_dev_py_265_win32\build\src\zope.testrunner\src\zope\testrunner\testrunner-progress.txt", line 0

----------------------------------------------------------------------
File "c:\buildslave\ztk_dev_py_265_win32\build\src\zope.testrunner\src\zope\testrunner\testrunner-progress.txt", line 18, in testrunner-progress.txt
Failed example:
    testrunner.run_internal(defaults)
Expected:
    Running samplelayers.Layer122 tests:
      Set up samplelayers.Layer1 in N.NNN seconds.
      Set up samplelayers.Layer12 in N.NNN seconds.
      Set up samplelayers.Layer122 in N.NNN seconds.
      Running:
        1/26 (3.8%)
               
    2/26 (7.7%)
               
    3/26 (11.5%)
                
    4/26 (15.4%)
                
    5/26 (19.2%)
                
    6/26 (23.1%)
                
    7/26 (26.9%)
                
    8/26 (30.8%)
                
    9/26 (34.6%)
                
    10/26 (38.5%)
                 
    11/26 (42.3%)
                 
    12/26 (46.2%)
                 
    13/26 (50.0%)
                 
    14/26 (53.8%)
                 
    15/26 (57.7%)
                 
    16/26 (61.5%)
                 
    17/26 (65.4%)
                 
    18/26 (69.2%)
                 
    19/26 (73.1%)
                 
    20/26 (76.9%)
                 
    21/26 (80.8%)
                 
    22/26 (84.6%)
                 
    23/26 (88.5%)
                 
    24/26 (92.3%)
                 
    25/26 (96.2%)
                 
    26/26 (100.0%)
                  
<BLANKLINE>
      Ran 26 tests with 0 failures and 0 errors in N.NNN seconds.
    Tearing down left over layers:
      Tear down samplelayers.Layer122 in N.NNN seconds.
      Tear down samplelayers.Layer12 in N.NNN seconds.
      Tear down samplelayers.Layer1 in N.NNN seconds.
    False
Got:
    Running samplelayers.Layer122 tests:
      Set up samplelayers.Layer1 in N.NNN seconds.
      Set up samplelayers.Layer12 in N.NNN seconds.
      Set up samplelayers.Layer122 in N.NNN seconds.
      Running:
        1/26 (3.8%)                   2/26 (7.7%)                   3/26 (11.5%)                    4/26 (15.4%)                    5/26 (19.2%)                    6/26 (23.1%)                    7/26 (26.9%)                    8/26 (30.8%)                    9/26 (34.6%)                    10/26 (38.5%)                     11/26 (42.3%)                     12/26 (46.2%)                     13/26 (50.0%)                     14/26 (53.8%)                     15/26 (57.7%)                     16/26 (61.5%)                     17/26 (65.4%)                     18/26 (69.2%)                     19/26 (73.1%)                     20/26 (76.9%)                     21/26 (80.8%)                     22/26 (84.6%)                     23/26 (88.5%)                     24/26 (92.3%)                     25/26 (96.2%)                     26/26 (100.0%)                  
      Ran 26 tests with 0 failures and 0 errors in N.NNN seconds.
    Tearing down left over layers:
      Tear down samplelayers.Layer122 in N.NNN seconds.
      Tear down samplelayers.Layer12 in N.NNN seconds.
      Tear down samplelayers.Layer1 in N.NNN seconds.
    False
----------------------------------------------------------------------
File "c:\buildslave\ztk_dev_py_265_win32\build\src\zope.testrunner\src\zope\testrunner\testrunner-progress.txt", line 93, in testrunner-progress.txt
Failed example:
    testrunner.run_internal(defaults)
Expected:
    Running tests at level 1
    Running samplelayers.Layer122 tests:
      Set up samplelayers.Layer1 in N.NNN seconds.
      Set up samplelayers.Layer12 in N.NNN seconds.
      Set up samplelayers.Layer122 in N.NNN seconds.
      Running:
     testrunner-ex/sampletests/../sampletestsl.txt
                                                                               
<BLANKLINE>
      Ran 26 tests with 0 failures and 0 errors in N.NNN seconds.
    Tearing down left over layers:
      Tear down samplelayers.Layer122 in N.NNN seconds.
      Tear down samplelayers.Layer12 in N.NNN seconds.
      Tear down samplelayers.Layer1 in N.NNN seconds.
    False
Got:
    Running tests at level 1
    Running samplelayers.Layer122 tests:
      Set up samplelayers.Layer1 in N.NNN seconds.
      Set up samplelayers.Layer12 in N.NNN seconds.
      Set up samplelayers.Layer122 in N.NNN seconds.
      Running:
     testrunner-ex/sampletests/../sampletestsl.txt                                                                               
      Ran 26 tests with 0 failures and 0 errors in N.NNN seconds.
    Tearing down left over layers:
      Tear down samplelayers.Layer122 in N.NNN seconds.
      Tear down samplelayers.Layer12 in N.NNN seconds.
      Tear down samplelayers.Layer1 in N.NNN seconds.
    False
----------------------------------------------------------------------
File "c:\buildslave\ztk_dev_py_265_win32\build\src\zope.testrunner\src\zope\testrunner\testrunner-progress.txt", line 173, in testrunner-progress.txt
Failed example:
    testrunner.run_internal(defaults)
Expected:
    Running tests at level 1
    Running samplelayers.Layer122 tests:
      Set up samplelayers.Layer1 in N.NNN seconds.
      Set up samplelayers.Layer12 in N.NNN seconds.
      Set up samplelayers.Layer122 in N.NNN seconds.
      Running:
        1/26 (3.8%) test_x1 (sample1.sampletests.test122.TestA)
                                                           
    2/26 (7.7%) test_y0 (sample1.sampletests.test122.TestA)
                                                           
    3/26 (11.5%) test_z0 (...le1.sampletests.test122.TestA)
                                                           
    4/26 (15.4%) test_x0 (...le1.sampletests.test122.TestB)
                                                           
    5/26 (19.2%) test_y1 (...le1.sampletests.test122.TestB)
                                                           
    6/26 (23.1%) test_z0 (...le1.sampletests.test122.TestB)
                                                           
    7/26 (26.9%) test_1 (...ampletests.test122.TestNotMuch)
                                                           
    8/26 (30.8%) test_2 (...ampletests.test122.TestNotMuch)
                                                           
    9/26 (34.6%) test_3 (...ampletests.test122.TestNotMuch)
                                                           
    10/26 (38.5%) test_x0 (sample1.sampletests.test122)
                                                       
    11/26 (42.3%) test_y0 (sample1.sampletests.test122)
                                                       
    12/26 (46.2%) test_z1 (sample1.sampletests.test122)
                                                       
    13/26 (50.0%) ... e1/sampletests/../../sampletestsl.txt
                                                           
    14/26 (53.8%) test_x1 (sampletests.test122.TestA)
                                                     
    15/26 (57.7%) test_y0 (sampletests.test122.TestA)
                                                     
    16/26 (61.5%) test_z0 (sampletests.test122.TestA)
                                                     
    17/26 (65.4%) test_x0 (sampletests.test122.TestB)
                                                     
    18/26 (69.2%) test_y1 (sampletests.test122.TestB)
                                                     
    19/26 (73.1%) test_z0 (sampletests.test122.TestB)
                                                     
    20/26 (76.9%) test_1 (sampletests.test122.TestNotMuch)
                                                          
    21/26 (80.8%) test_2 (sampletests.test122.TestNotMuch)
                                                          
    22/26 (84.6%) test_3 (sampletests.test122.TestNotMuch)
                                                          
    23/26 (88.5%) test_x0 (sampletests.test122)
                                               
    24/26 (92.3%) test_y0 (sampletests.test122)
                                               
    25/26 (96.2%) test_z1 (sampletests.test122)
                                               
    26/26 (100.0%) ... r-ex/sampletests/../sampletestsl.txt
                                                           
<BLANKLINE>
      Ran 26 tests with 0 failures and 0 errors in N.NNN seconds.
    Tearing down left over layers:
      Tear down samplelayers.Layer122 in N.NNN seconds.
      Tear down samplelayers.Layer12 in N.NNN seconds.
      Tear down samplelayers.Layer1 in N.NNN seconds.
    False
Got:
    Running tests at level 1
    Running samplelayers.Layer122 tests:
      Set up samplelayers.Layer1 in N.NNN seconds.
      Set up samplelayers.Layer12 in N.NNN seconds.
      Set up samplelayers.Layer122 in N.NNN seconds.
      Running:
        1/26 (3.8%) test_x1 (sample1.sampletests.test122.TestA)                                                               2/26 (7.7%) test_y0 (sample1.sampletests.test122.TestA)                                                               3/26 (11.5%) test_z0 (...le1.sampletests.test122.TestA)                                                               4/26 (15.4%) test_x0 (...le1.sampletests.test122.TestB)                                                               5/26 (19.2%) test_y1 (...le1.sampletests.test122.TestB)                                                               6/26 (23.1%) test_z0 (...le1.sampletests.test122.TestB)                                                               7/26 (26.9%) test_1 (...ampletests.test122.TestNotMuch)                                                               8/26 (30.8%) test_2 (...ampletests.test122.TestNotMuch)                                                               9/26 (34.6%) test_3 (...ampletests.test122.TestNotMuch)                                                               10/26 (38.5%) test_x0 (sample1.sampletests.test122)                                                           11/26 (42.3%) test_y0 (sample1.sampletests.test122)                                                           12/26 (46.2%) test_z1 (sample1.sampletests.test122)                                                           13/26 (50.0%) ... e1/sampletests/../../sampletestsl.txt                                                               14/26 (53.8%) test_x1 (sampletests.test122.TestA)                                                         15/26 (57.7%) test_y0 (sampletests.test122.TestA)                                                         16/26 (61.5%) test_z0 (sampletests.test122.TestA)                                                         17/26 (65.4%) test_x0 (sampletests.test122.TestB)                                                         18/26 (69.2%) test_y1 (sampletests.test122.TestB)                                                         19/26 (73.1%) test_z0 (sampletests.test122.TestB)                                                         20/26 (76.9%) test_1 (sampletests.test122.TestNotMuch)                                                              21/26 (80.8%) test_2 (sampletests.test122.TestNotMuch)                                                              22/26 (84.6%) test_3 (sampletests.test122.TestNotMuch)                                                              23/26 (88.5%) test_x0 (sampletests.test122)                                                   24/26 (92.3%) test_y0 (sampletests.test122)                                                   25/26 (96.2%) test_z1 (sampletests.test122)                                                   26/26 (100.0%) ... r-ex/sampletests/../sampletestsl.txt                                                           
      Ran 26 tests with 0 failures and 0 errors in N.NNN seconds.
    Tearing down left over layers:
      Tear down samplelayers.Layer122 in N.NNN seconds.
      Tear down samplelayers.Layer12 in N.NNN seconds.
      Tear down samplelayers.Layer1 in N.NNN seconds.
    False




Failure in test c:\buildslave\ztk_dev_py_265_win32\build\src\zope.testrunner\src\zope\testrunner\testrunner-subunit.txt
Traceback (most recent call last):
  File "c:\Python26_32\lib\unittest.py", line 279, in run
    testMethod()
  File "c:\Python26_32\lib\doctest.py", line 2163, in runTest
    raise self.failureException(self.format_failure(new.getvalue()))
DocTestFailureException: Failed doctest test for testrunner-subunit.txt
  File "c:\buildslave\ztk_dev_py_265_win32\build\src\zope.testrunner\src\zope\testrunner\testrunner-subunit.txt", line 0

----------------------------------------------------------------------
File "c:\buildslave\ztk_dev_py_265_win32\build\src\zope.testrunner\src\zope\testrunner\testrunner-subunit.txt", line 379, in testrunner-subunit.txt
Failed example:
    testrunner.run_internal(defaults)
Expected:
    time: YYYY-MM-DD HH:MM:SS.mmmmmmZ
    test: sample1.sampletests_ntd.Layer:setUp
    tags: zope:layer
    time: YYYY-MM-DD HH:MM:SS.mmmmmmZ
    successful: sample1.sampletests_ntd.Layer:setUp
    tags: zope:layer:sample1.sampletests_ntd.Layer
    time: YYYY-MM-DD HH:MM:SS.mmmmmmZ
    test: sample1.sampletests_ntd.TestSomething.test_something
    time: YYYY-MM-DD HH:MM:SS.mmmmmmZ
    successful: sample1.sampletests_ntd.TestSomething.test_something
    tags: -zope:layer:sample1.sampletests_ntd.Layer
    time: YYYY-MM-DD HH:MM:SS.mmmmmmZ
    test: sample1.sampletests_ntd.Layer:tearDown
    tags: zope:layer
    time: YYYY-MM-DD HH:MM:SS.mmmmmmZ
    skip: sample1.sampletests_ntd.Layer:tearDown [
    tearDown not supported
    ]
    test: Running in a subprocess.
    tags: zope:info_suboptimal
    successful: Running in a subprocess.
    time: YYYY-MM-DD HH:MM:SS.mmmmmmZ
    test: sample2.sampletests_ntd.Layer:setUp
    tags: zope:layer
    time: YYYY-MM-DD HH:MM:SS.mmmmmmZ
    successful: sample2.sampletests_ntd.Layer:setUp
    tags: zope:layer:sample2.sampletests_ntd.Layer
    time: YYYY-MM-DD HH:MM:SS.mmmmmmZ
    test: sample2.sampletests_ntd.TestSomething.test_something
    time: YYYY-MM-DD HH:MM:SS.mmmmmmZ
    successful: sample2.sampletests_ntd.TestSomething.test_something
    tags: -zope:layer:sample2.sampletests_ntd.Layer
    time: YYYY-MM-DD HH:MM:SS.mmmmmmZ
    test: sample2.sampletests_ntd.Layer:tearDown
    tags: zope:layer
    time: YYYY-MM-DD HH:MM:SS.mmmmmmZ
    skip: sample2.sampletests_ntd.Layer:tearDown [
    tearDown not supported
    ]
    test: Running in a subprocess.
    tags: zope:info_suboptimal
    successful: Running in a subprocess.
    time: YYYY-MM-DD HH:MM:SS.mmmmmmZ
    test: sample3.sampletests_ntd.Layer:setUp
    tags: zope:layer
    time: YYYY-MM-DD HH:MM:SS.mmmmmmZ
    successful: sample3.sampletests_ntd.Layer:setUp
    tags: zope:layer:sample3.sampletests_ntd.Layer
    time: YYYY-MM-DD HH:MM:SS.mmmmmmZ
    test: sample3.sampletests_ntd.TestSomething.test_error1
    time: YYYY-MM-DD HH:MM:SS.mmmmmmZ
    error: sample3.sampletests_ntd.TestSomething.test_error1 [ multipart
    Content-Type: text/x-traceback;charset=utf8,language=python
    traceback
    NNN
    <BLANKLINE>
    Traceback (most recent call last):
     testrunner-ex/sample3/sampletests_ntd.py", Line NNN, in test_error1
        raise TypeError("Can we see errors")
    TypeError: Can we see errors
    0
    <BLANKLINE>
    ]
    time: YYYY-MM-DD HH:MM:SS.mmmmmmZ
    test: sample3.sampletests_ntd.TestSomething.test_error2
    time: YYYY-MM-DD HH:MM:SS.mmmmmmZ
    error: sample3.sampletests_ntd.TestSomething.test_error2 [ multipart
    Content-Type: text/x-traceback;charset=utf8,language=python
    traceback
    NNN
    <BLANKLINE>
    Traceback (most recent call last):
     testrunner-ex/sample3/sampletests_ntd.py", Line NNN, in test_error2
        raise TypeError("I hope so")
    TypeError: I hope so
    0
    <BLANKLINE>
    ]
    time: YYYY-MM-DD HH:MM:SS.mmmmmmZ
    test: sample3.sampletests_ntd.TestSomething.test_fail1
    time: YYYY-MM-DD HH:MM:SS.mmmmmmZ
    failure: sample3.sampletests_ntd.TestSomething.test_fail1 [ multipart
    Content-Type: text/x-traceback;charset=utf8,language=python
    traceback
    NNN
    <BLANKLINE>
    Traceback (most recent call last):
     testrunner-ex/sample3/sampletests_ntd.py", Line NNN, in test_fail1
        self.assertEqual(1, 2)
    AssertionError: 1 != 2
    0
    <BLANKLINE>
    ]
    time: YYYY-MM-DD HH:MM:SS.mmmmmmZ
    test: sample3.sampletests_ntd.TestSomething.test_fail2
    time: YYYY-MM-DD HH:MM:SS.mmmmmmZ
    failure: sample3.sampletests_ntd.TestSomething.test_fail2 [ multipart
    Content-Type: text/x-traceback;charset=utf8,language=python
    traceback
    NNN
    <BLANKLINE>
    Traceback (most recent call last):
     testrunner-ex/sample3/sampletests_ntd.py", Line NNN, in test_fail2
        self.assertEqual(1, 3)
    AssertionError: 1 != 3
    0
    <BLANKLINE>
    ]
    time: YYYY-MM-DD HH:MM:SS.mmmmmmZ
    test: sample3.sampletests_ntd.TestSomething.test_something
    time: YYYY-MM-DD HH:MM:SS.mmmmmmZ
    successful: sample3.sampletests_ntd.TestSomething.test_something
    time: YYYY-MM-DD HH:MM:SS.mmmmmmZ
    test: sample3.sampletests_ntd.TestSomething.test_something_else
    time: YYYY-MM-DD HH:MM:SS.mmmmmmZ
    successful: sample3.sampletests_ntd.TestSomething.test_something_else
    tags: -zope:layer:sample3.sampletests_ntd.Layer
    time: YYYY-MM-DD HH:MM:SS.mmmmmmZ
    test: sample3.sampletests_ntd.Layer:tearDown
    tags: zope:layer
    time: YYYY-MM-DD HH:MM:SS.mmmmmmZ
    skip: sample3.sampletests_ntd.Layer:tearDown [
    tearDown not supported
    ]
    True
Got:
    time: YYYY-MM-DD HH:MM:SS.mmmmmmZ
    test: sample1.sampletests_ntd.Layer:setUp
    tags: zope:layer
    time: YYYY-MM-DD HH:MM:SS.mmmmmmZ
    successful: sample1.sampletests_ntd.Layer:setUp
    tags: zope:layer:sample1.sampletests_ntd.Layer
    time: YYYY-MM-DD HH:MM:SS.mmmmmmZ
    test: sample1.sampletests_ntd.TestSomething.test_something
    time: YYYY-MM-DD HH:MM:SS.mmmmmmZ
    successful: sample1.sampletests_ntd.TestSomething.test_something
    tags: -zope:layer:sample1.sampletests_ntd.Layer
    time: YYYY-MM-DD HH:MM:SS.mmmmmmZ
    test: sample1.sampletests_ntd.Layer:tearDown
    tags: zope:layer
    time: YYYY-MM-DD HH:MM:SS.mmmmmmZ
    skip: sample1.sampletests_ntd.Layer:tearDown [
    tearDown not supported
    ]
    test: Running in a subprocess.
    tags: zope:info_suboptimal
    successful: Running in a subprocess.
    time: YYYY-MM-DD HH:MM:SS.mmmmmmZ
    test: sample2.sampletests_ntd.Layer:setUp
    tags: zope:layer
    time: YYYY-MM-DD HH:MM:SS.mmmmmmZ
    successful: sample2.sampletests_ntd.Layer:setUp
    tags: zope:layer:sample2.sampletests_ntd.Layer
    test: sample2.sampletests_ntd.TestSomething.test_something
    successful: sample2.sampletests_ntd.TestSomething.test_something
    tags: -zope:layer:sample2.sampletests_ntd.Layer
    time: YYYY-MM-DD HH:MM:SS.mmmmmmZ
    test: sample2.sampletests_ntd.Layer:tearDown
    tags: zope:layer
    time: YYYY-MM-DD HH:MM:SS.mmmmmmZ
    skip: sample2.sampletests_ntd.Layer:tearDown [
    tearDown not supported
    ]
    test: Running in a subprocess.
    tags: zope:info_suboptimal
    successful: Running in a subprocess.
    time: YYYY-MM-DD HH:MM:SS.mmmmmmZ
    test: sample3.sampletests_ntd.Layer:setUp
    tags: zope:layer
    time: YYYY-MM-DD HH:MM:SS.mmmmmmZ
    successful: sample3.sampletests_ntd.Layer:setUp
    tags: zope:layer:sample3.sampletests_ntd.Layer
    test: sample3.sampletests_ntd.TestSomething.test_error1
    error: sample3.sampletests_ntd.TestSomething.test_error1 [ multipart
    Content-Type: text/x-traceback;charset=utf8,language=python
    traceback
    NNN
    Traceback (most recent call last):
     testrunner-ex/sample3/sampletests_ntd.py", Line NNN, in test_error1
        raise TypeError("Can we see errors")
    TypeError: Can we see errors
    0
    ]
    test: sample3.sampletests_ntd.TestSomething.test_error2
    error: sample3.sampletests_ntd.TestSomething.test_error2 [ multipart
    Content-Type: text/x-traceback;charset=utf8,language=python
    traceback
    NNN
    Traceback (most recent call last):
     testrunner-ex/sample3/sampletests_ntd.py", Line NNN, in test_error2
        raise TypeError("I hope so")
    TypeError: I hope so
    0
    ]
    test: sample3.sampletests_ntd.TestSomething.test_fail1
    failure: sample3.sampletests_ntd.TestSomething.test_fail1 [ multipart
    Content-Type: text/x-traceback;charset=utf8,language=python
    traceback
    NNN
    Traceback (most recent call last):
     testrunner-ex/sample3/sampletests_ntd.py", Line NNN, in test_fail1
        self.assertEqual(1, 2)
    AssertionError: 1 != 2
    0
    ]
    test: sample3.sampletests_ntd.TestSomething.test_fail2
    failure: sample3.sampletests_ntd.TestSomething.test_fail2 [ multipart
    Content-Type: text/x-traceback;charset=utf8,language=python
    traceback
    NNN
    Traceback (most recent call last):
     testrunner-ex/sample3/sampletests_ntd.py", Line NNN, in test_fail2
        self.assertEqual(1, 3)
    AssertionError: 1 != 3
    0
    ]
    test: sample3.sampletests_ntd.TestSomething.test_something
    successful: sample3.sampletests_ntd.TestSomething.test_something
    test: sample3.sampletests_ntd.TestSomething.test_something_else
    successful: sample3.sampletests_ntd.TestSomething.test_something_else
    tags: -zope:layer:sample3.sampletests_ntd.Layer
    time: YYYY-MM-DD HH:MM:SS.mmmmmmZ
    test: sample3.sampletests_ntd.Layer:tearDown
    tags: zope:layer
    time: YYYY-MM-DD HH:MM:SS.mmmmmmZ
    skip: sample3.sampletests_ntd.Layer:tearDown [
    tearDown not supported
    ]
    True
----------------------------------------------------------------------
File "c:\buildslave\ztk_dev_py_265_win32\build\src\zope.testrunner\src\zope\testrunner\testrunner-subunit.txt", line 510, in testrunner-subunit.txt
Failed example:
    testrunner.run_internal(defaults)
Expected:
    time: YYYY-MM-DD HH:MM:SS.mmmmmmZ
    test: sample1.sampletests_ntd.Layer:setUp
    tags: zope:layer
    time: YYYY-MM-DD HH:MM:SS.mmmmmmZ
    successful: sample1.sampletests_ntd.Layer:setUp
    tags: zope:layer:sample1.sampletests_ntd.Layer
    time: YYYY-MM-DD HH:MM:SS.mmmmmmZ
    test: sample1.sampletests_ntd.TestSomething.test_something
    time: YYYY-MM-DD HH:MM:SS.mmmmmmZ
    successful: sample1.sampletests_ntd.TestSomething.test_something
    tags: -zope:layer:sample1.sampletests_ntd.Layer
    time: YYYY-MM-DD HH:MM:SS.mmmmmmZ
    test: sample1.sampletests_ntd.Layer:tearDown
    tags: zope:layer
    time: YYYY-MM-DD HH:MM:SS.mmmmmmZ
    skip: sample1.sampletests_ntd.Layer:tearDown [
    tearDown not supported
    ]
    test: Running in a subprocess.
    tags: zope:info_suboptimal
    successful: Running in a subprocess.
    time: YYYY-MM-DD HH:MM:SS.mmmmmmZ
    test: sample2.sampletests_ntd.Layer:setUp
    tags: zope:layer
    time: YYYY-MM-DD HH:MM:SS.mmmmmmZ
    successful: sample2.sampletests_ntd.Layer:setUp
    tags: zope:layer:sample2.sampletests_ntd.Layer
    time: YYYY-MM-DD HH:MM:SS.mmmmmmZ
    test: sample2.sampletests_ntd.TestSomething.test_something
    time: YYYY-MM-DD HH:MM:SS.mmmmmmZ
    successful: sample2.sampletests_ntd.TestSomething.test_something
    tags: -zope:layer:sample2.sampletests_ntd.Layer
    time: YYYY-MM-DD HH:MM:SS.mmmmmmZ
    test: sample2.sampletests_ntd.Layer:tearDown
    tags: zope:layer
    time: YYYY-MM-DD HH:MM:SS.mmmmmmZ
    skip: sample2.sampletests_ntd.Layer:tearDown [
    tearDown not supported
    ]
    test: Running in a subprocess.
    tags: zope:info_suboptimal
    successful: Running in a subprocess.
    time: YYYY-MM-DD HH:MM:SS.mmmmmmZ
    test: sample3.sampletests_ntd.Layer:setUp
    tags: zope:layer
    time: YYYY-MM-DD HH:MM:SS.mmmmmmZ
    successful: sample3.sampletests_ntd.Layer:setUp
    tags: zope:layer:sample3.sampletests_ntd.Layer
    time: YYYY-MM-DD HH:MM:SS.mmmmmmZ
    test: sample3.sampletests_ntd.TestSomething.test_error1
    time: YYYY-MM-DD HH:MM:SS.mmmmmmZ
    error: sample3.sampletests_ntd.TestSomething.test_error1 [ multipart
    Content-Type: text/x-traceback;charset=utf8,language=python
    traceback
    NNN
    <BLANKLINE>
    Traceback (most recent call last):
     testrunner-ex/sample3/sampletests_ntd.py", Line NNN, in test_error1
        raise TypeError("Can we see errors")
    TypeError: Can we see errors
    0
    <BLANKLINE>
    ]
    test: Can't post-mortem debug when running a layer as a subprocess!
    tags: zope:error_with_banner
    successful: Can't post-mortem debug when running a layer as a subprocess!
    time: YYYY-MM-DD HH:MM:SS.mmmmmmZ
    test: sample3.sampletests_ntd.TestSomething.test_error2
    time: YYYY-MM-DD HH:MM:SS.mmmmmmZ
    error: sample3.sampletests_ntd.TestSomething.test_error2 [ multipart
    Content-Type: text/x-traceback;charset=utf8,language=python
    traceback
    NNN
    <BLANKLINE>
    Traceback (most recent call last):
     testrunner-ex/sample3/sampletests_ntd.py", Line NNN, in test_error2
        raise TypeError("I hope so")
    TypeError: I hope so
    0
    <BLANKLINE>
    ]
    test: Can't post-mortem debug when running a layer as a subprocess!
    tags: zope:error_with_banner
    successful: Can't post-mortem debug when running a layer as a subprocess!
    time: YYYY-MM-DD HH:MM:SS.mmmmmmZ
    test: sample3.sampletests_ntd.TestSomething.test_fail1
    time: YYYY-MM-DD HH:MM:SS.mmmmmmZ
    error: sample3.sampletests_ntd.TestSomething.test_fail1 [ multipart
    Content-Type: text/x-traceback;charset=utf8,language=python
    traceback
    NNN
    <BLANKLINE>
    Traceback (most recent call last):
     testrunner-ex/sample3/sampletests_ntd.py", Line NNN, in test_fail1
        self.assertEqual(1, 2)
    AssertionError: 1 != 2
    0
    <BLANKLINE>
    ]
    test: Can't post-mortem debug when running a layer as a subprocess!
    tags: zope:error_with_banner
    successful: Can't post-mortem debug when running a layer as a subprocess!
    time: YYYY-MM-DD HH:MM:SS.mmmmmmZ
    test: sample3.sampletests_ntd.TestSomething.test_fail2
    time: YYYY-MM-DD HH:MM:SS.mmmmmmZ
    error: sample3.sampletests_ntd.TestSomething.test_fail2 [ multipart
    Content-Type: text/x-traceback;charset=utf8,language=python
    traceback
    NNN
    <BLANKLINE>
    Traceback (most recent call last):
     testrunner-ex/sample3/sampletests_ntd.py", Line NNN, in test_fail2
        self.assertEqual(1, 3)
    AssertionError: 1 != 3
    0
    <BLANKLINE>
    ]
    test: Can't post-mortem debug when running a layer as a subprocess!
    tags: zope:error_with_banner
    successful: Can't post-mortem debug when running a layer as a subprocess!
    time: YYYY-MM-DD HH:MM:SS.mmmmmmZ
    test: sample3.sampletests_ntd.TestSomething.test_something
    time: YYYY-MM-DD HH:MM:SS.mmmmmmZ
    successful: sample3.sampletests_ntd.TestSomething.test_something
    time: YYYY-MM-DD HH:MM:SS.mmmmmmZ
    test: sample3.sampletests_ntd.TestSomething.test_something_else
    time: YYYY-MM-DD HH:MM:SS.mmmmmmZ
    successful: sample3.sampletests_ntd.TestSomething.test_something_else
    tags: -zope:layer:sample3.sampletests_ntd.Layer
    time: YYYY-MM-DD HH:MM:SS.mmmmmmZ
    test: sample3.sampletests_ntd.Layer:tearDown
    tags: zope:layer
    time: YYYY-MM-DD HH:MM:SS.mmmmmmZ
    skip: sample3.sampletests_ntd.Layer:tearDown [
    tearDown not supported
    ]
    True
Got:
    time: YYYY-MM-DD HH:MM:SS.mmmmmmZ
    test: sample1.sampletests_ntd.Layer:setUp
    tags: zope:layer
    time: YYYY-MM-DD HH:MM:SS.mmmmmmZ
    successful: sample1.sampletests_ntd.Layer:setUp
    tags: zope:layer:sample1.sampletests_ntd.Layer
    time: YYYY-MM-DD HH:MM:SS.mmmmmmZ
    test: sample1.sampletests_ntd.TestSomething.test_something
    time: YYYY-MM-DD HH:MM:SS.mmmmmmZ
    successful: sample1.sampletests_ntd.TestSomething.test_something
    tags: -zope:layer:sample1.sampletests_ntd.Layer
    time: YYYY-MM-DD HH:MM:SS.mmmmmmZ
    test: sample1.sampletests_ntd.Layer:tearDown
    tags: zope:layer
    time: YYYY-MM-DD HH:MM:SS.mmmmmmZ
    skip: sample1.sampletests_ntd.Layer:tearDown [
    tearDown not supported
    ]
    test: Running in a subprocess.
    tags: zope:info_suboptimal
    successful: Running in a subprocess.
    time: YYYY-MM-DD HH:MM:SS.mmmmmmZ
    test: sample2.sampletests_ntd.Layer:setUp
    tags: zope:layer
    time: YYYY-MM-DD HH:MM:SS.mmmmmmZ
    successful: sample2.sampletests_ntd.Layer:setUp
    tags: zope:layer:sample2.sampletests_ntd.Layer
    test: sample2.sampletests_ntd.TestSomething.test_something
    successful: sample2.sampletests_ntd.TestSomething.test_something
    tags: -zope:layer:sample2.sampletests_ntd.Layer
    time: YYYY-MM-DD HH:MM:SS.mmmmmmZ
    test: sample2.sampletests_ntd.Layer:tearDown
    tags: zope:layer
    time: YYYY-MM-DD HH:MM:SS.mmmmmmZ
    skip: sample2.sampletests_ntd.Layer:tearDown [
    tearDown not supported
    ]
    test: Running in a subprocess.
    tags: zope:info_suboptimal
    successful: Running in a subprocess.
    time: YYYY-MM-DD HH:MM:SS.mmmmmmZ
    test: sample3.sampletests_ntd.Layer:setUp
    tags: zope:layer
    time: YYYY-MM-DD HH:MM:SS.mmmmmmZ
    successful: sample3.sampletests_ntd.Layer:setUp
    tags: zope:layer:sample3.sampletests_ntd.Layer
    test: sample3.sampletests_ntd.TestSomething.test_error1
    error: sample3.sampletests_ntd.TestSomething.test_error1 [ multipart
    Content-Type: text/x-traceback;charset=utf8,language=python
    traceback
    NNN
    Traceback (most recent call last):
     testrunner-ex/sample3/sampletests_ntd.py", Line NNN, in test_error1
        raise TypeError("Can we see errors")
    TypeError: Can we see errors
    0
    ]
    test: Can't post-mortem debug when running a layer as a subprocess!
    tags: zope:error_with_banner
    successful: Can't post-mortem debug when running a layer as a subprocess!
    test: sample3.sampletests_ntd.TestSomething.test_error2
    error: sample3.sampletests_ntd.TestSomething.test_error2 [ multipart
    Content-Type: text/x-traceback;charset=utf8,language=python
    traceback
    NNN
    Traceback (most recent call last):
     testrunner-ex/sample3/sampletests_ntd.py", Line NNN, in test_error2
        raise TypeError("I hope so")
    TypeError: I hope so
    0
    ]
    test: Can't post-mortem debug when running a layer as a subprocess!
    tags: zope:error_with_banner
    successful: Can't post-mortem debug when running a layer as a subprocess!
    test: sample3.sampletests_ntd.TestSomething.test_fail1
    error: sample3.sampletests_ntd.TestSomething.test_fail1 [ multipart
    Content-Type: text/x-traceback;charset=utf8,language=python
    traceback
    NNN
    Traceback (most recent call last):
     testrunner-ex/sample3/sampletests_ntd.py", Line NNN, in test_fail1
        self.assertEqual(1, 2)
    AssertionError: 1 != 2
    0
    ]
    test: Can't post-mortem debug when running a layer as a subprocess!
    tags: zope:error_with_banner
    successful: Can't post-mortem debug when running a layer as a subprocess!
    test: sample3.sampletests_ntd.TestSomething.test_fail2
    error: sample3.sampletests_ntd.TestSomething.test_fail2 [ multipart
    Content-Type: text/x-traceback;charset=utf8,language=python
    traceback
    NNN
    Traceback (most recent call last):
     testrunner-ex/sample3/sampletests_ntd.py", Line NNN, in test_fail2
        self.assertEqual(1, 3)
    AssertionError: 1 != 3
    0
    ]
    test: Can't post-mortem debug when running a layer as a subprocess!
    tags: zope:error_with_banner
    successful: Can't post-mortem debug when running a layer as a subprocess!
    test: sample3.sampletests_ntd.TestSomething.test_something
    successful: sample3.sampletests_ntd.TestSomething.test_something
    test: sample3.sampletests_ntd.TestSomething.test_something_else
    successful: sample3.sampletests_ntd.TestSomething.test_something_else
    tags: -zope:layer:sample3.sampletests_ntd.Layer
    time: YYYY-MM-DD HH:MM:SS.mmmmmmZ
    test: sample3.sampletests_ntd.Layer:tearDown
    tags: zope:layer
    time: YYYY-MM-DD HH:MM:SS.mmmmmmZ
    skip: sample3.sampletests_ntd.Layer:tearDown [
    tearDown not supported
    ]
    True




Failure in test test_print_failure_containing_latin1_bytestrings (zope.testrunner.test_subunit.TestSubunitTracebackPrinting)
Traceback (most recent call last):
  File "c:\Python26_32\lib\unittest.py", line 279, in run
    testMethod()
  File "c:\buildslave\ztk_dev_py_265_win32\build\src\zope.testrunner\src\zope\testrunner\test_subunit.py", line 59, in test_print_failure_containing_latin1_bytestrings
    assert "AssertionError: \xef\xbf\xbd0" in self.output.getvalue()
AssertionError

  Ran 31 tests with 7 failures and 0 errors in 35.422 seconds.
Tearing down left over layers:
  Tear down zope.testing.testrunner.layer.UnitTests in 0.000 seconds.
c:\buildslave\ztk_dev_py_265_win32\build\bin\test-ztk-zope.testrunner-script.py:19: DeprecationWarning: zope.testing.testrunner is deprecated in favour of zope.testrunner.
  import zope.testing.testrunner
c:\buildslave\ztk_dev_py_265_win32\build\src\zope.testing\src\zope\testing\testrunner\formatter.py:28: DeprecationWarning: zope.testing.exceptions is deprecated in favour of zope.testrunner.exceptions
  from zope.testing.exceptions import DocTestFailureException

Running test-ztk-zope.testing
Running test-ztk-zope.server
Running test-ztk-zope.sendmail
Running test-ztk-zope.formlib
Running test-ztk-zope.component
Running test-ztk-zope.i18n
Running test-ztk-zope.traversing
Running test-ztk-zope.pagetemplate
Running test-ztk-zope.ramcache
Running test-ztk-zope.session
Running test-ztk-zope.publisher
Running test-ztk-zope.container
Running test-ztk-zope.browserpage
Running test-ztk-zope.browserresource
Running test-ztk-zope.index
Running test-ztk-zope.security
Running test-ztk-zope.pluggableauth
Running test-ztk-zope.mimetype
Running test-ztk-zope.viewlet
Running test-ztk-zope.dublincore
Running test-ztk-zope.browsermenu
Running test-ztk-zope.schema
Running test-ztk-zope.site
Running test-ztk-zope.configuration
Running test-ztk-zope.copypastemove
Running test-ztk-zope.interface
Running test-ztk-zope.tal
Running test-ztk-zope.contentprovider
Running test-ztk-zope.catalog
Running test-ztk-zope.ptresource
Running test-ztk-zope.principalannotation
Running test-ztk-zope.securitypolicy
Running test-ztk-zope.intid
Running test-ztk-zope.applicationcontrol
Running test-ztk-zope.login
Running test-ztk-zope.principalregistry
Running test-ztk-zope.structuredtext
Running test-ztk-zope.lifecycleevent
Running test-ztk-zope.keyreference
Running test-ztk-zope.authentication
Running test-ztk-zope.annotation
Running test-ztk-zope.password
Running test-ztk-zope.location
Running test-ztk-zope.componentvocabulary
Running test-ztk-zope.hookable
Running test-ztk-zope.error
Running test-ztk-zope.copy
Running test-ztk-zope.deprecation
Running test-ztk-zope.tales
Running test-ztk-zope.deferredimport
Running test-ztk-zope.minmax
Running test-ztk-zope.i18nmessageid
Running test-ztk-zope.proxy
Running test-ztk-zope.cachedescriptors
Running test-ztk-zope.dottedname
Running test-ztk-zope.sequencesort
Running test-ztk-zope.processlifetime
Running test-ztk-zope.datetime
Running test-ztk-zope.event
Running test-ztk-zope.exceptions
Running test-ztk-zope.contenttype
Running test-ztk-zope.size
Running test-ztk-zope.browser
Running test-ztk-zope.broken
Running test-ztk-zope.filerepresentation
1 failure(s).
- test-ztk-zope.testrunner







